Collecting package metadata (current_repodata.json): ...working... done
Solving environment: ...working... done


==> WARNING: A newer version of conda exists. <==
  current version: 4.8.2
  latest version: 4.8.3

Please update conda by running

    $ conda update -n base -c defaults conda



# All requested packages already installed.

Started train
Started epoch 0
Train Epoch: 0 [0/2268 (0%)]	Loss: 0.044305
Train Epoch: 0 [20/2268 (0%)]	Loss: 0.027853
Train Epoch: 0 [40/2268 (0%)]	Loss: 0.021732
Train Epoch: 0 [60/2268 (0%)]	Loss: 0.012345
Train Epoch: 0 [80/2268 (0%)]	Loss: 0.022210
Train Epoch: 0 [100/2268 (0%)]	Loss: 0.015634
Train Epoch: 0 [120/2268 (1%)]	Loss: 0.018711
Train Epoch: 0 [140/2268 (1%)]	Loss: 0.008956
Train Epoch: 0 [160/2268 (1%)]	Loss: 0.009894
Train Epoch: 0 [180/2268 (1%)]	Loss: 0.005692
Train Epoch: 0 [200/2268 (1%)]	Loss: 0.003598
Train Epoch: 0 [220/2268 (1%)]	Loss: 0.003713
Train Epoch: 0 [240/2268 (1%)]	Loss: 0.003554
Train Epoch: 0 [260/2268 (1%)]	Loss: 0.003448
Train Epoch: 0 [280/2268 (1%)]	Loss: 0.002784
Train Epoch: 0 [300/2268 (1%)]	Loss: 0.002817
Train Epoch: 0 [320/2268 (1%)]	Loss: 0.003869
Train Epoch: 0 [340/2268 (1%)]	Loss: 0.007260
Train Epoch: 0 [360/2268 (2%)]	Loss: 0.004559
Train Epoch: 0 [380/2268 (2%)]	Loss: 0.004449
Train Epoch: 0 [400/2268 (2%)]	Loss: 0.002614
Train Epoch: 0 [420/2268 (2%)]	Loss: 0.001136
Train Epoch: 0 [440/2268 (2%)]	Loss: 0.001266
Train Epoch: 0 [460/2268 (2%)]	Loss: 0.001359
Train Epoch: 0 [480/2268 (2%)]	Loss: 0.000940
Train Epoch: 0 [500/2268 (2%)]	Loss: 0.001271
Train Epoch: 0 [520/2268 (2%)]	Loss: 0.000819
Train Epoch: 0 [540/2268 (2%)]	Loss: 0.001087
Train Epoch: 0 [560/2268 (2%)]	Loss: 0.000878
Train Epoch: 0 [580/2268 (3%)]	Loss: 0.000819
Train Epoch: 0 [600/2268 (3%)]	Loss: 0.000608
Train Epoch: 0 [620/2268 (3%)]	Loss: 0.000646
Train Epoch: 0 [640/2268 (3%)]	Loss: 0.000713
Train Epoch: 0 [660/2268 (3%)]	Loss: 0.000691
Train Epoch: 0 [680/2268 (3%)]	Loss: 0.000830
Train Epoch: 0 [700/2268 (3%)]	Loss: 0.000682
Train Epoch: 0 [720/2268 (3%)]	Loss: 0.000599
Train Epoch: 0 [740/2268 (3%)]	Loss: 0.000583
Train Epoch: 0 [760/2268 (3%)]	Loss: 0.000665
Train Epoch: 0 [780/2268 (3%)]	Loss: 0.000502
Train Epoch: 0 [800/2268 (4%)]	Loss: 0.000503
Train Epoch: 0 [820/2268 (4%)]	Loss: 0.000376
Train Epoch: 0 [840/2268 (4%)]	Loss: 0.000451
Train Epoch: 0 [860/2268 (4%)]	Loss: 0.000515
Train Epoch: 0 [880/2268 (4%)]	Loss: 0.000440
Train Epoch: 0 [900/2268 (4%)]	Loss: 0.000493
Train Epoch: 0 [920/2268 (4%)]	Loss: 0.000432
Train Epoch: 0 [940/2268 (4%)]	Loss: 0.000509
Train Epoch: 0 [960/2268 (4%)]	Loss: 0.000801
Train Epoch: 0 [980/2268 (4%)]	Loss: 0.000423
Train Epoch: 0 [1000/2268 (4%)]	Loss: 0.000560
Train Epoch: 0 [1020/2268 (4%)]	Loss: 0.000525
Train Epoch: 0 [1040/2268 (5%)]	Loss: 0.000412
Train Epoch: 0 [1060/2268 (5%)]	Loss: 0.000448
Train Epoch: 0 [1080/2268 (5%)]	Loss: 0.000419
Train Epoch: 0 [1100/2268 (5%)]	Loss: 0.000558
Train Epoch: 0 [1120/2268 (5%)]	Loss: 0.000365
Train Epoch: 0 [1140/2268 (5%)]	Loss: 0.000260
Train Epoch: 0 [1160/2268 (5%)]	Loss: 0.000473
Train Epoch: 0 [1180/2268 (5%)]	Loss: 0.000585
Train Epoch: 0 [1200/2268 (5%)]	Loss: 0.000510
Train Epoch: 0 [1220/2268 (5%)]	Loss: 0.000276
Train Epoch: 0 [1240/2268 (5%)]	Loss: 0.000381
Train Epoch: 0 [1260/2268 (6%)]	Loss: 0.000437
Train Epoch: 0 [1280/2268 (6%)]	Loss: 0.000556
Train Epoch: 0 [1300/2268 (6%)]	Loss: 0.000514
Train Epoch: 0 [1320/2268 (6%)]	Loss: 0.000462
Train Epoch: 0 [1340/2268 (6%)]	Loss: 0.000379
Train Epoch: 0 [1360/2268 (6%)]	Loss: 0.000482
Train Epoch: 0 [1380/2268 (6%)]	Loss: 0.000628
Train Epoch: 0 [1400/2268 (6%)]	Loss: 0.000518
Train Epoch: 0 [1420/2268 (6%)]	Loss: 0.000359
Train Epoch: 0 [1440/2268 (6%)]	Loss: 0.000466
Train Epoch: 0 [1460/2268 (6%)]	Loss: 0.000518
Train Epoch: 0 [1480/2268 (7%)]	Loss: 0.000271
Train Epoch: 0 [1500/2268 (7%)]	Loss: 0.000339
Train Epoch: 0 [1520/2268 (7%)]	Loss: 0.000411
Train Epoch: 0 [1540/2268 (7%)]	Loss: 0.000289
Train Epoch: 0 [1560/2268 (7%)]	Loss: 0.000383
Train Epoch: 0 [1580/2268 (7%)]	Loss: 0.000386
Train Epoch: 0 [1600/2268 (7%)]	Loss: 0.000383
Train Epoch: 0 [1620/2268 (7%)]	Loss: 0.000323
Train Epoch: 0 [1640/2268 (7%)]	Loss: 0.000354
Train Epoch: 0 [1660/2268 (7%)]	Loss: 0.000461
Train Epoch: 0 [1680/2268 (7%)]	Loss: 0.000209
Train Epoch: 0 [1700/2268 (7%)]	Loss: 0.000313
Train Epoch: 0 [1720/2268 (8%)]	Loss: 0.000246
Train Epoch: 0 [1740/2268 (8%)]	Loss: 0.000254
Train Epoch: 0 [1760/2268 (8%)]	Loss: 0.000369
Train Epoch: 0 [1780/2268 (8%)]	Loss: 0.000167
Train Epoch: 0 [1800/2268 (8%)]	Loss: 0.000267
Train Epoch: 0 [1820/2268 (8%)]	Loss: 0.000232
Train Epoch: 0 [1840/2268 (8%)]	Loss: 0.000256
Train Epoch: 0 [1860/2268 (8%)]	Loss: 0.000295
Train Epoch: 0 [1880/2268 (8%)]	Loss: 0.000234
Train Epoch: 0 [1900/2268 (8%)]	Loss: 0.000282
Train Epoch: 0 [1920/2268 (8%)]	Loss: 0.000443
Train Epoch: 0 [1940/2268 (9%)]	Loss: 0.000202
Train Epoch: 0 [1960/2268 (9%)]	Loss: 0.000259
Train Epoch: 0 [1980/2268 (9%)]	Loss: 0.000229
Train Epoch: 0 [2000/2268 (9%)]	Loss: 0.000322
Train Epoch: 0 [2020/2268 (9%)]	Loss: 0.000240
Train Epoch: 0 [2040/2268 (9%)]	Loss: 0.000474
Train Epoch: 0 [2060/2268 (9%)]	Loss: 0.000287
Train Epoch: 0 [2080/2268 (9%)]	Loss: 0.000212
Train Epoch: 0 [2100/2268 (9%)]	Loss: 0.000150
Train Epoch: 0 [2120/2268 (9%)]	Loss: 0.000223
Train Epoch: 0 [2140/2268 (9%)]	Loss: 0.000199
Train Epoch: 0 [2160/2268 (10%)]	Loss: 0.000336
Train Epoch: 0 [2180/2268 (10%)]	Loss: 0.000310
Train Epoch: 0 [2200/2268 (10%)]	Loss: 0.000273
Train Epoch: 0 [2220/2268 (10%)]	Loss: 0.000227
Train Epoch: 0 [2240/2268 (10%)]	Loss: 0.000304
Train Epoch: 0 [2260/2268 (10%)]	Loss: 0.000251

Average Train Epoch Loss:  0.0021843982887818736
Started validation
Val Epoch: 0 [0/1260 (0%)]	Average Loss So Far: 0.000231
Val Epoch: 0 [40/1260 (0%)]	Average Loss So Far: 0.000239
Val Epoch: 0 [80/1260 (0%)]	Average Loss So Far: 0.000249
Val Epoch: 0 [120/1260 (0%)]	Average Loss So Far: 0.000248
Val Epoch: 0 [160/1260 (1%)]	Average Loss So Far: 0.000257
Val Epoch: 0 [200/1260 (1%)]	Average Loss So Far: 0.000257
Val Epoch: 0 [240/1260 (1%)]	Average Loss So Far: 0.000256
Val Epoch: 0 [280/1260 (1%)]	Average Loss So Far: 0.000252
Val Epoch: 0 [320/1260 (1%)]	Average Loss So Far: 0.000251
Val Epoch: 0 [360/1260 (1%)]	Average Loss So Far: 0.000251
Val Epoch: 0 [400/1260 (2%)]	Average Loss So Far: 0.000249
Val Epoch: 0 [440/1260 (2%)]	Average Loss So Far: 0.000250
Val Epoch: 0 [480/1260 (2%)]	Average Loss So Far: 0.000249
Val Epoch: 0 [520/1260 (2%)]	Average Loss So Far: 0.000250
Val Epoch: 0 [560/1260 (2%)]	Average Loss So Far: 0.000251
Val Epoch: 0 [600/1260 (2%)]	Average Loss So Far: 0.000251
Val Epoch: 0 [640/1260 (3%)]	Average Loss So Far: 0.000250
Val Epoch: 0 [680/1260 (3%)]	Average Loss So Far: 0.000250
Val Epoch: 0 [720/1260 (3%)]	Average Loss So Far: 0.000251
Val Epoch: 0 [760/1260 (3%)]	Average Loss So Far: 0.000251
Val Epoch: 0 [800/1260 (3%)]	Average Loss So Far: 0.000251
Val Epoch: 0 [840/1260 (3%)]	Average Loss So Far: 0.000251
Val Epoch: 0 [880/1260 (3%)]	Average Loss So Far: 0.000251
Val Epoch: 0 [920/1260 (4%)]	Average Loss So Far: 0.000250
Val Epoch: 0 [960/1260 (4%)]	Average Loss So Far: 0.000250
Val Epoch: 0 [1000/1260 (4%)]	Average Loss So Far: 0.000250
Val Epoch: 0 [1040/1260 (4%)]	Average Loss So Far: 0.000250
Val Epoch: 0 [1080/1260 (4%)]	Average Loss So Far: 0.000250
Val Epoch: 0 [1120/1260 (4%)]	Average Loss So Far: 0.000250
Val Epoch: 0 [1160/1260 (5%)]	Average Loss So Far: 0.000249
Val Epoch: 0 [1200/1260 (5%)]	Average Loss So Far: 0.000250
Val Epoch: 0 [1240/1260 (5%)]	Average Loss So Far: 0.000250
Average Validation Epoch Loss:  0.0002499194262531826
Average Threat Score:  0.24411221352952814
== Saving model at epoch 0 with Avg Val Loss 0.0002499194262531826 ==
== Current Threat Score is 0.24411221352952814 ==
Started epoch 1
Train Epoch: 1 [0/2268 (0%)]	Loss: 0.000231
Train Epoch: 1 [20/2268 (0%)]	Loss: 0.000176
Train Epoch: 1 [40/2268 (0%)]	Loss: 0.000200
Train Epoch: 1 [60/2268 (0%)]	Loss: 0.000210
Train Epoch: 1 [80/2268 (0%)]	Loss: 0.000341
Train Epoch: 1 [100/2268 (0%)]	Loss: 0.000170
Train Epoch: 1 [120/2268 (1%)]	Loss: 0.000168
Train Epoch: 1 [140/2268 (1%)]	Loss: 0.000185
Train Epoch: 1 [160/2268 (1%)]	Loss: 0.000268
Train Epoch: 1 [180/2268 (1%)]	Loss: 0.000192
Train Epoch: 1 [200/2268 (1%)]	Loss: 0.000192
Train Epoch: 1 [220/2268 (1%)]	Loss: 0.000262
Train Epoch: 1 [240/2268 (1%)]	Loss: 0.000130
Train Epoch: 1 [260/2268 (1%)]	Loss: 0.000233
Train Epoch: 1 [280/2268 (1%)]	Loss: 0.000200
Train Epoch: 1 [300/2268 (1%)]	Loss: 0.000231
Train Epoch: 1 [320/2268 (1%)]	Loss: 0.000218
Train Epoch: 1 [340/2268 (1%)]	Loss: 0.000304
Train Epoch: 1 [360/2268 (2%)]	Loss: 0.000447
Train Epoch: 1 [380/2268 (2%)]	Loss: 0.000224
Train Epoch: 1 [400/2268 (2%)]	Loss: 0.000280
Train Epoch: 1 [420/2268 (2%)]	Loss: 0.000321
Train Epoch: 1 [440/2268 (2%)]	Loss: 0.000302
Train Epoch: 1 [460/2268 (2%)]	Loss: 0.000267
Train Epoch: 1 [480/2268 (2%)]	Loss: 0.000226
Train Epoch: 1 [500/2268 (2%)]	Loss: 0.000239
Train Epoch: 1 [520/2268 (2%)]	Loss: 0.000285
Train Epoch: 1 [540/2268 (2%)]	Loss: 0.000229
Train Epoch: 1 [560/2268 (2%)]	Loss: 0.000139
Train Epoch: 1 [580/2268 (3%)]	Loss: 0.000187
Train Epoch: 1 [600/2268 (3%)]	Loss: 0.000171
Train Epoch: 1 [620/2268 (3%)]	Loss: 0.000210
Train Epoch: 1 [640/2268 (3%)]	Loss: 0.000433
Train Epoch: 1 [660/2268 (3%)]	Loss: 0.000137
Train Epoch: 1 [680/2268 (3%)]	Loss: 0.000132
Train Epoch: 1 [700/2268 (3%)]	Loss: 0.000176
Train Epoch: 1 [720/2268 (3%)]	Loss: 0.000216
Train Epoch: 1 [740/2268 (3%)]	Loss: 0.000149
Train Epoch: 1 [760/2268 (3%)]	Loss: 0.000204
Train Epoch: 1 [780/2268 (3%)]	Loss: 0.000166
Train Epoch: 1 [800/2268 (4%)]	Loss: 0.000257
Train Epoch: 1 [820/2268 (4%)]	Loss: 0.000165
Train Epoch: 1 [840/2268 (4%)]	Loss: 0.000217
Train Epoch: 1 [860/2268 (4%)]	Loss: 0.000188
Train Epoch: 1 [880/2268 (4%)]	Loss: 0.000174
Train Epoch: 1 [900/2268 (4%)]	Loss: 0.000223
Train Epoch: 1 [920/2268 (4%)]	Loss: 0.000178
Train Epoch: 1 [940/2268 (4%)]	Loss: 0.000181
Train Epoch: 1 [960/2268 (4%)]	Loss: 0.000208
Train Epoch: 1 [980/2268 (4%)]	Loss: 0.000212
Train Epoch: 1 [1000/2268 (4%)]	Loss: 0.000428
Train Epoch: 1 [1020/2268 (4%)]	Loss: 0.000433
Train Epoch: 1 [1040/2268 (5%)]	Loss: 0.000254
Train Epoch: 1 [1060/2268 (5%)]	Loss: 0.000349
Train Epoch: 1 [1080/2268 (5%)]	Loss: 0.000214
Train Epoch: 1 [1100/2268 (5%)]	Loss: 0.001659
Train Epoch: 1 [1120/2268 (5%)]	Loss: 0.000311
Train Epoch: 1 [1140/2268 (5%)]	Loss: 0.001106
Train Epoch: 1 [1160/2268 (5%)]	Loss: 0.000323
Train Epoch: 1 [1180/2268 (5%)]	Loss: 0.000212
Train Epoch: 1 [1200/2268 (5%)]	Loss: 0.000160
Train Epoch: 1 [1220/2268 (5%)]	Loss: 0.000286
Train Epoch: 1 [1240/2268 (5%)]	Loss: 0.000189
Train Epoch: 1 [1260/2268 (6%)]	Loss: 0.000245
Train Epoch: 1 [1280/2268 (6%)]	Loss: 0.000200
Train Epoch: 1 [1300/2268 (6%)]	Loss: 0.000452
Train Epoch: 1 [1320/2268 (6%)]	Loss: 0.000205
Train Epoch: 1 [1340/2268 (6%)]	Loss: 0.000270
Train Epoch: 1 [1360/2268 (6%)]	Loss: 0.000219
Train Epoch: 1 [1380/2268 (6%)]	Loss: 0.000112
Train Epoch: 1 [1400/2268 (6%)]	Loss: 0.000187
Train Epoch: 1 [1420/2268 (6%)]	Loss: 0.000169
Train Epoch: 1 [1440/2268 (6%)]	Loss: 0.000178
Train Epoch: 1 [1460/2268 (6%)]	Loss: 0.000225
Train Epoch: 1 [1480/2268 (7%)]	Loss: 0.000162
Train Epoch: 1 [1500/2268 (7%)]	Loss: 0.000130
Train Epoch: 1 [1520/2268 (7%)]	Loss: 0.000295
Train Epoch: 1 [1540/2268 (7%)]	Loss: 0.000104
Train Epoch: 1 [1560/2268 (7%)]	Loss: 0.000158
Train Epoch: 1 [1580/2268 (7%)]	Loss: 0.000181
Train Epoch: 1 [1600/2268 (7%)]	Loss: 0.000200
Train Epoch: 1 [1620/2268 (7%)]	Loss: 0.000181
Train Epoch: 1 [1640/2268 (7%)]	Loss: 0.000173
Train Epoch: 1 [1660/2268 (7%)]	Loss: 0.000135
Train Epoch: 1 [1680/2268 (7%)]	Loss: 0.000242
Train Epoch: 1 [1700/2268 (7%)]	Loss: 0.000139
Train Epoch: 1 [1720/2268 (8%)]	Loss: 0.000176
Train Epoch: 1 [1740/2268 (8%)]	Loss: 0.000174
Train Epoch: 1 [1760/2268 (8%)]	Loss: 0.000130
Train Epoch: 1 [1780/2268 (8%)]	Loss: 0.000134
Train Epoch: 1 [1800/2268 (8%)]	Loss: 0.000279
Train Epoch: 1 [1820/2268 (8%)]	Loss: 0.000198
Train Epoch: 1 [1840/2268 (8%)]	Loss: 0.000143
Train Epoch: 1 [1860/2268 (8%)]	Loss: 0.000158
Train Epoch: 1 [1880/2268 (8%)]	Loss: 0.000211
Train Epoch: 1 [1900/2268 (8%)]	Loss: 0.000240
Train Epoch: 1 [1920/2268 (8%)]	Loss: 0.000235
Train Epoch: 1 [1940/2268 (9%)]	Loss: 0.000224
Train Epoch: 1 [1960/2268 (9%)]	Loss: 0.000196
Train Epoch: 1 [1980/2268 (9%)]	Loss: 0.000174
Train Epoch: 1 [2000/2268 (9%)]	Loss: 0.000163
Train Epoch: 1 [2020/2268 (9%)]	Loss: 0.000159
Train Epoch: 1 [2040/2268 (9%)]	Loss: 0.000233
Train Epoch: 1 [2060/2268 (9%)]	Loss: 0.000156
Train Epoch: 1 [2080/2268 (9%)]	Loss: 0.000140
Train Epoch: 1 [2100/2268 (9%)]	Loss: 0.000230
Train Epoch: 1 [2120/2268 (9%)]	Loss: 0.000102
Train Epoch: 1 [2140/2268 (9%)]	Loss: 0.000166
Train Epoch: 1 [2160/2268 (10%)]	Loss: 0.000139
Train Epoch: 1 [2180/2268 (10%)]	Loss: 0.000212
Train Epoch: 1 [2200/2268 (10%)]	Loss: 0.000183
Train Epoch: 1 [2220/2268 (10%)]	Loss: 0.000149
Train Epoch: 1 [2240/2268 (10%)]	Loss: 0.000819
Train Epoch: 1 [2260/2268 (10%)]	Loss: 0.000178

Average Train Epoch Loss:  0.0002435482535682512
Started validation
Val Epoch: 1 [0/1260 (0%)]	Average Loss So Far: 0.000209
Val Epoch: 1 [40/1260 (0%)]	Average Loss So Far: 0.000177
Val Epoch: 1 [80/1260 (0%)]	Average Loss So Far: 0.000170
Val Epoch: 1 [120/1260 (0%)]	Average Loss So Far: 0.000174
Val Epoch: 1 [160/1260 (1%)]	Average Loss So Far: 0.000178
Val Epoch: 1 [200/1260 (1%)]	Average Loss So Far: 0.000178
Val Epoch: 1 [240/1260 (1%)]	Average Loss So Far: 0.000178
Val Epoch: 1 [280/1260 (1%)]	Average Loss So Far: 0.000180
Val Epoch: 1 [320/1260 (1%)]	Average Loss So Far: 0.000179
Val Epoch: 1 [360/1260 (1%)]	Average Loss So Far: 0.000178
Val Epoch: 1 [400/1260 (2%)]	Average Loss So Far: 0.000178
Val Epoch: 1 [440/1260 (2%)]	Average Loss So Far: 0.000178
Val Epoch: 1 [480/1260 (2%)]	Average Loss So Far: 0.000178
Val Epoch: 1 [520/1260 (2%)]	Average Loss So Far: 0.000178
Val Epoch: 1 [560/1260 (2%)]	Average Loss So Far: 0.000178
Val Epoch: 1 [600/1260 (2%)]	Average Loss So Far: 0.000178
Val Epoch: 1 [640/1260 (3%)]	Average Loss So Far: 0.000178
Val Epoch: 1 [680/1260 (3%)]	Average Loss So Far: 0.000178
Val Epoch: 1 [720/1260 (3%)]	Average Loss So Far: 0.000178
Val Epoch: 1 [760/1260 (3%)]	Average Loss So Far: 0.000178
Val Epoch: 1 [800/1260 (3%)]	Average Loss So Far: 0.000178
Val Epoch: 1 [840/1260 (3%)]	Average Loss So Far: 0.000178
Val Epoch: 1 [880/1260 (3%)]	Average Loss So Far: 0.000178
Val Epoch: 1 [920/1260 (4%)]	Average Loss So Far: 0.000178
Val Epoch: 1 [960/1260 (4%)]	Average Loss So Far: 0.000178
Val Epoch: 1 [1000/1260 (4%)]	Average Loss So Far: 0.000177
Val Epoch: 1 [1040/1260 (4%)]	Average Loss So Far: 0.000177
Val Epoch: 1 [1080/1260 (4%)]	Average Loss So Far: 0.000178
Val Epoch: 1 [1120/1260 (4%)]	Average Loss So Far: 0.000178
Val Epoch: 1 [1160/1260 (5%)]	Average Loss So Far: 0.000178
Val Epoch: 1 [1200/1260 (5%)]	Average Loss So Far: 0.000178
Val Epoch: 1 [1240/1260 (5%)]	Average Loss So Far: 0.000178
Average Validation Epoch Loss:  0.00017807897342902876
Average Threat Score:  0.2478890721878362
== Saving model at epoch 1 with Avg Val Loss 0.00017807897342902876 ==
== Current Threat Score is 0.2478890721878362 ==
Started epoch 2
Train Epoch: 2 [0/2268 (0%)]	Loss: 0.000166
Train Epoch: 2 [20/2268 (0%)]	Loss: 0.000169
Train Epoch: 2 [40/2268 (0%)]	Loss: 0.000140
Train Epoch: 2 [60/2268 (0%)]	Loss: 0.000194
Train Epoch: 2 [80/2268 (0%)]	Loss: 0.000163
Train Epoch: 2 [100/2268 (0%)]	Loss: 0.000170
Train Epoch: 2 [120/2268 (1%)]	Loss: 0.000151
Train Epoch: 2 [140/2268 (1%)]	Loss: 0.000105
Train Epoch: 2 [160/2268 (1%)]	Loss: 0.000245
Train Epoch: 2 [180/2268 (1%)]	Loss: 0.000298
Train Epoch: 2 [200/2268 (1%)]	Loss: 0.000231
Train Epoch: 2 [220/2268 (1%)]	Loss: 0.000285
Train Epoch: 2 [240/2268 (1%)]	Loss: 0.000226
Train Epoch: 2 [260/2268 (1%)]	Loss: 0.000187
Train Epoch: 2 [280/2268 (1%)]	Loss: 0.000130
Train Epoch: 2 [300/2268 (1%)]	Loss: 0.000130
Train Epoch: 2 [320/2268 (1%)]	Loss: 0.000408
Train Epoch: 2 [340/2268 (1%)]	Loss: 0.000174
Train Epoch: 2 [360/2268 (2%)]	Loss: 0.000161
Train Epoch: 2 [380/2268 (2%)]	Loss: 0.000221
Train Epoch: 2 [400/2268 (2%)]	Loss: 0.000210
Train Epoch: 2 [420/2268 (2%)]	Loss: 0.000177
Train Epoch: 2 [440/2268 (2%)]	Loss: 0.000267
Train Epoch: 2 [460/2268 (2%)]	Loss: 0.000215
Train Epoch: 2 [480/2268 (2%)]	Loss: 0.000256
Train Epoch: 2 [500/2268 (2%)]	Loss: 0.000106
Train Epoch: 2 [520/2268 (2%)]	Loss: 0.000337
Train Epoch: 2 [540/2268 (2%)]	Loss: 0.000443
Train Epoch: 2 [560/2268 (2%)]	Loss: 0.000277
Train Epoch: 2 [580/2268 (3%)]	Loss: 0.000327
Train Epoch: 2 [600/2268 (3%)]	Loss: 0.000200
Train Epoch: 2 [620/2268 (3%)]	Loss: 0.000283
Train Epoch: 2 [640/2268 (3%)]	Loss: 0.000288
Train Epoch: 2 [660/2268 (3%)]	Loss: 0.000219
Train Epoch: 2 [680/2268 (3%)]	Loss: 0.000497
Train Epoch: 2 [700/2268 (3%)]	Loss: 0.000247
Train Epoch: 2 [720/2268 (3%)]	Loss: 0.000336
Train Epoch: 2 [740/2268 (3%)]	Loss: 0.000900
Train Epoch: 2 [760/2268 (3%)]	Loss: 0.001236
Train Epoch: 2 [780/2268 (3%)]	Loss: 0.000973
Train Epoch: 2 [800/2268 (4%)]	Loss: 0.000926
Train Epoch: 2 [820/2268 (4%)]	Loss: 0.000297
Train Epoch: 2 [840/2268 (4%)]	Loss: 0.000161
Train Epoch: 2 [860/2268 (4%)]	Loss: 0.000202
Train Epoch: 2 [880/2268 (4%)]	Loss: 0.000174
Train Epoch: 2 [900/2268 (4%)]	Loss: 0.000110
Train Epoch: 2 [920/2268 (4%)]	Loss: 0.000261
Train Epoch: 2 [940/2268 (4%)]	Loss: 0.000134
Train Epoch: 2 [960/2268 (4%)]	Loss: 0.000091
Train Epoch: 2 [980/2268 (4%)]	Loss: 0.000147
Train Epoch: 2 [1000/2268 (4%)]	Loss: 0.000119
Train Epoch: 2 [1020/2268 (4%)]	Loss: 0.000120
Train Epoch: 2 [1040/2268 (5%)]	Loss: 0.000134
Train Epoch: 2 [1060/2268 (5%)]	Loss: 0.000118
Train Epoch: 2 [1080/2268 (5%)]	Loss: 0.000109
Train Epoch: 2 [1100/2268 (5%)]	Loss: 0.000128
Train Epoch: 2 [1120/2268 (5%)]	Loss: 0.000157
Train Epoch: 2 [1140/2268 (5%)]	Loss: 0.000161
Train Epoch: 2 [1160/2268 (5%)]	Loss: 0.000225
Train Epoch: 2 [1180/2268 (5%)]	Loss: 0.000104
Train Epoch: 2 [1200/2268 (5%)]	Loss: 0.000124
Train Epoch: 2 [1220/2268 (5%)]	Loss: 0.000190
Train Epoch: 2 [1240/2268 (5%)]	Loss: 0.000148
Train Epoch: 2 [1260/2268 (6%)]	Loss: 0.000170
Train Epoch: 2 [1280/2268 (6%)]	Loss: 0.000171
Train Epoch: 2 [1300/2268 (6%)]	Loss: 0.000139
Train Epoch: 2 [1320/2268 (6%)]	Loss: 0.000154
Train Epoch: 2 [1340/2268 (6%)]	Loss: 0.000142
Train Epoch: 2 [1360/2268 (6%)]	Loss: 0.000154
Train Epoch: 2 [1380/2268 (6%)]	Loss: 0.000244
Train Epoch: 2 [1400/2268 (6%)]	Loss: 0.000151
Train Epoch: 2 [1420/2268 (6%)]	Loss: 0.000179
Train Epoch: 2 [1440/2268 (6%)]	Loss: 0.000134
Train Epoch: 2 [1460/2268 (6%)]	Loss: 0.000165
Train Epoch: 2 [1480/2268 (7%)]	Loss: 0.000097
Train Epoch: 2 [1500/2268 (7%)]	Loss: 0.000176
Train Epoch: 2 [1520/2268 (7%)]	Loss: 0.000203
Train Epoch: 2 [1540/2268 (7%)]	Loss: 0.000123
Train Epoch: 2 [1560/2268 (7%)]	Loss: 0.000199
Train Epoch: 2 [1580/2268 (7%)]	Loss: 0.000105
Train Epoch: 2 [1600/2268 (7%)]	Loss: 0.000126
Train Epoch: 2 [1620/2268 (7%)]	Loss: 0.000139
Train Epoch: 2 [1640/2268 (7%)]	Loss: 0.000099
Train Epoch: 2 [1660/2268 (7%)]	Loss: 0.000155
Train Epoch: 2 [1680/2268 (7%)]	Loss: 0.000243
Train Epoch: 2 [1700/2268 (7%)]	Loss: 0.000102
Train Epoch: 2 [1720/2268 (8%)]	Loss: 0.000127
Train Epoch: 2 [1740/2268 (8%)]	Loss: 0.000221
Train Epoch: 2 [1760/2268 (8%)]	Loss: 0.000139
Train Epoch: 2 [1780/2268 (8%)]	Loss: 0.000141
Train Epoch: 2 [1800/2268 (8%)]	Loss: 0.000131
Train Epoch: 2 [1820/2268 (8%)]	Loss: 0.000111
Train Epoch: 2 [1840/2268 (8%)]	Loss: 0.000376
Train Epoch: 2 [1860/2268 (8%)]	Loss: 0.000188
Train Epoch: 2 [1880/2268 (8%)]	Loss: 0.000086
Train Epoch: 2 [1900/2268 (8%)]	Loss: 0.000181
Train Epoch: 2 [1920/2268 (8%)]	Loss: 0.000186
Train Epoch: 2 [1940/2268 (9%)]	Loss: 0.000175
Train Epoch: 2 [1960/2268 (9%)]	Loss: 0.000129
Train Epoch: 2 [1980/2268 (9%)]	Loss: 0.000136
Train Epoch: 2 [2000/2268 (9%)]	Loss: 0.000131
Train Epoch: 2 [2020/2268 (9%)]	Loss: 0.000093
Train Epoch: 2 [2040/2268 (9%)]	Loss: 0.000162
Train Epoch: 2 [2060/2268 (9%)]	Loss: 0.000167
Train Epoch: 2 [2080/2268 (9%)]	Loss: 0.000148
Train Epoch: 2 [2100/2268 (9%)]	Loss: 0.000096
Train Epoch: 2 [2120/2268 (9%)]	Loss: 0.000127
Train Epoch: 2 [2140/2268 (9%)]	Loss: 0.000187
Train Epoch: 2 [2160/2268 (10%)]	Loss: 0.000166
Train Epoch: 2 [2180/2268 (10%)]	Loss: 0.000169
Train Epoch: 2 [2200/2268 (10%)]	Loss: 0.000161
Train Epoch: 2 [2220/2268 (10%)]	Loss: 0.000181
Train Epoch: 2 [2240/2268 (10%)]	Loss: 0.000136
Train Epoch: 2 [2260/2268 (10%)]	Loss: 0.000109

Average Train Epoch Loss:  0.0002217775985390504
Started validation
Val Epoch: 2 [0/1260 (0%)]	Average Loss So Far: 0.000138
Val Epoch: 2 [40/1260 (0%)]	Average Loss So Far: 0.000139
Val Epoch: 2 [80/1260 (0%)]	Average Loss So Far: 0.000132
Val Epoch: 2 [120/1260 (0%)]	Average Loss So Far: 0.000135
Val Epoch: 2 [160/1260 (1%)]	Average Loss So Far: 0.000136
Val Epoch: 2 [200/1260 (1%)]	Average Loss So Far: 0.000134
Val Epoch: 2 [240/1260 (1%)]	Average Loss So Far: 0.000136
Val Epoch: 2 [280/1260 (1%)]	Average Loss So Far: 0.000138
Val Epoch: 2 [320/1260 (1%)]	Average Loss So Far: 0.000137
Val Epoch: 2 [360/1260 (1%)]	Average Loss So Far: 0.000138
Val Epoch: 2 [400/1260 (2%)]	Average Loss So Far: 0.000138
Val Epoch: 2 [440/1260 (2%)]	Average Loss So Far: 0.000138
Val Epoch: 2 [480/1260 (2%)]	Average Loss So Far: 0.000137
Val Epoch: 2 [520/1260 (2%)]	Average Loss So Far: 0.000138
Val Epoch: 2 [560/1260 (2%)]	Average Loss So Far: 0.000138
Val Epoch: 2 [600/1260 (2%)]	Average Loss So Far: 0.000138
Val Epoch: 2 [640/1260 (3%)]	Average Loss So Far: 0.000138
Val Epoch: 2 [680/1260 (3%)]	Average Loss So Far: 0.000137
Val Epoch: 2 [720/1260 (3%)]	Average Loss So Far: 0.000138
Val Epoch: 2 [760/1260 (3%)]	Average Loss So Far: 0.000138
Val Epoch: 2 [800/1260 (3%)]	Average Loss So Far: 0.000138
Val Epoch: 2 [840/1260 (3%)]	Average Loss So Far: 0.000138
Val Epoch: 2 [880/1260 (3%)]	Average Loss So Far: 0.000138
Val Epoch: 2 [920/1260 (4%)]	Average Loss So Far: 0.000138
Val Epoch: 2 [960/1260 (4%)]	Average Loss So Far: 0.000138
Val Epoch: 2 [1000/1260 (4%)]	Average Loss So Far: 0.000138
Val Epoch: 2 [1040/1260 (4%)]	Average Loss So Far: 0.000139
Val Epoch: 2 [1080/1260 (4%)]	Average Loss So Far: 0.000139
Val Epoch: 2 [1120/1260 (4%)]	Average Loss So Far: 0.000139
Val Epoch: 2 [1160/1260 (5%)]	Average Loss So Far: 0.000139
Val Epoch: 2 [1200/1260 (5%)]	Average Loss So Far: 0.000139
Val Epoch: 2 [1240/1260 (5%)]	Average Loss So Far: 0.000139
Average Validation Epoch Loss:  0.00013865233095698186
Average Threat Score:  0.2561478980062973
== Saving model at epoch 2 with Avg Val Loss 0.00013865233095698186 ==
== Current Threat Score is 0.2561478980062973 ==
Started epoch 3
Train Epoch: 3 [0/2268 (0%)]	Loss: 0.000130
Train Epoch: 3 [20/2268 (0%)]	Loss: 0.000208
Train Epoch: 3 [40/2268 (0%)]	Loss: 0.000126
Train Epoch: 3 [60/2268 (0%)]	Loss: 0.000161
Train Epoch: 3 [80/2268 (0%)]	Loss: 0.000134
Train Epoch: 3 [100/2268 (0%)]	Loss: 0.000223
Train Epoch: 3 [120/2268 (1%)]	Loss: 0.000133
Train Epoch: 3 [140/2268 (1%)]	Loss: 0.000100
Train Epoch: 3 [160/2268 (1%)]	Loss: 0.000148
Train Epoch: 3 [180/2268 (1%)]	Loss: 0.000199
Train Epoch: 3 [200/2268 (1%)]	Loss: 0.000122
Train Epoch: 3 [220/2268 (1%)]	Loss: 0.000161
Train Epoch: 3 [240/2268 (1%)]	Loss: 0.000196
Train Epoch: 3 [260/2268 (1%)]	Loss: 0.000174
Train Epoch: 3 [280/2268 (1%)]	Loss: 0.000194
Train Epoch: 3 [300/2268 (1%)]	Loss: 0.000232
Train Epoch: 3 [320/2268 (1%)]	Loss: 0.000166
Train Epoch: 3 [340/2268 (1%)]	Loss: 0.000160
Train Epoch: 3 [360/2268 (2%)]	Loss: 0.000363
Train Epoch: 3 [380/2268 (2%)]	Loss: 0.000255
Train Epoch: 3 [400/2268 (2%)]	Loss: 0.000203
Train Epoch: 3 [420/2268 (2%)]	Loss: 0.000225
Train Epoch: 3 [440/2268 (2%)]	Loss: 0.000164
Train Epoch: 3 [460/2268 (2%)]	Loss: 0.000105
Train Epoch: 3 [480/2268 (2%)]	Loss: 0.000126
Train Epoch: 3 [500/2268 (2%)]	Loss: 0.000155
Train Epoch: 3 [520/2268 (2%)]	Loss: 0.000215
Train Epoch: 3 [540/2268 (2%)]	Loss: 0.000135
Train Epoch: 3 [560/2268 (2%)]	Loss: 0.000134
Train Epoch: 3 [580/2268 (3%)]	Loss: 0.000136
Train Epoch: 3 [600/2268 (3%)]	Loss: 0.000196
Train Epoch: 3 [620/2268 (3%)]	Loss: 0.000117
Train Epoch: 3 [640/2268 (3%)]	Loss: 0.000216
Train Epoch: 3 [660/2268 (3%)]	Loss: 0.000140
Train Epoch: 3 [680/2268 (3%)]	Loss: 0.000135
Train Epoch: 3 [700/2268 (3%)]	Loss: 0.000156
Train Epoch: 3 [720/2268 (3%)]	Loss: 0.000119
Train Epoch: 3 [740/2268 (3%)]	Loss: 0.000179
Train Epoch: 3 [760/2268 (3%)]	Loss: 0.000154
Train Epoch: 3 [780/2268 (3%)]	Loss: 0.000169
Train Epoch: 3 [800/2268 (4%)]	Loss: 0.000152
Train Epoch: 3 [820/2268 (4%)]	Loss: 0.000177
Train Epoch: 3 [840/2268 (4%)]	Loss: 0.000119
Train Epoch: 3 [860/2268 (4%)]	Loss: 0.000127
Train Epoch: 3 [880/2268 (4%)]	Loss: 0.000120
Train Epoch: 3 [900/2268 (4%)]	Loss: 0.000137
Train Epoch: 3 [920/2268 (4%)]	Loss: 0.000164
Train Epoch: 3 [940/2268 (4%)]	Loss: 0.000113
Train Epoch: 3 [960/2268 (4%)]	Loss: 0.000111
Train Epoch: 3 [980/2268 (4%)]	Loss: 0.000068
Train Epoch: 3 [1000/2268 (4%)]	Loss: 0.000172
Train Epoch: 3 [1020/2268 (4%)]	Loss: 0.000183
Train Epoch: 3 [1040/2268 (5%)]	Loss: 0.000161
Train Epoch: 3 [1060/2268 (5%)]	Loss: 0.000121
Train Epoch: 3 [1080/2268 (5%)]	Loss: 0.000146
Train Epoch: 3 [1100/2268 (5%)]	Loss: 0.000076
Train Epoch: 3 [1120/2268 (5%)]	Loss: 0.000105
Train Epoch: 3 [1140/2268 (5%)]	Loss: 0.000196
Train Epoch: 3 [1160/2268 (5%)]	Loss: 0.000128
Train Epoch: 3 [1180/2268 (5%)]	Loss: 0.000196
Train Epoch: 3 [1200/2268 (5%)]	Loss: 0.000142
Train Epoch: 3 [1220/2268 (5%)]	Loss: 0.000148
Train Epoch: 3 [1240/2268 (5%)]	Loss: 0.000176
Train Epoch: 3 [1260/2268 (6%)]	Loss: 0.000162
Train Epoch: 3 [1280/2268 (6%)]	Loss: 0.000147
Train Epoch: 3 [1300/2268 (6%)]	Loss: 0.000086
Train Epoch: 3 [1320/2268 (6%)]	Loss: 0.000111
Train Epoch: 3 [1340/2268 (6%)]	Loss: 0.000089
Train Epoch: 3 [1360/2268 (6%)]	Loss: 0.000273
Train Epoch: 3 [1380/2268 (6%)]	Loss: 0.000111
Train Epoch: 3 [1400/2268 (6%)]	Loss: 0.000127
Train Epoch: 3 [1420/2268 (6%)]	Loss: 0.000170
Train Epoch: 3 [1440/2268 (6%)]	Loss: 0.000129
Train Epoch: 3 [1460/2268 (6%)]	Loss: 0.000148
Train Epoch: 3 [1480/2268 (7%)]	Loss: 0.000214
Train Epoch: 3 [1500/2268 (7%)]	Loss: 0.000219
Train Epoch: 3 [1520/2268 (7%)]	Loss: 0.000137
Train Epoch: 3 [1540/2268 (7%)]	Loss: 0.000384
Train Epoch: 3 [1560/2268 (7%)]	Loss: 0.000216
Train Epoch: 3 [1580/2268 (7%)]	Loss: 0.000116
Train Epoch: 3 [1600/2268 (7%)]	Loss: 0.000150
Train Epoch: 3 [1620/2268 (7%)]	Loss: 0.000247
Train Epoch: 3 [1640/2268 (7%)]	Loss: 0.000126
Train Epoch: 3 [1660/2268 (7%)]	Loss: 0.000187
Train Epoch: 3 [1680/2268 (7%)]	Loss: 0.000186
Train Epoch: 3 [1700/2268 (7%)]	Loss: 0.000158
Train Epoch: 3 [1720/2268 (8%)]	Loss: 0.000120
Train Epoch: 3 [1740/2268 (8%)]	Loss: 0.000095
Train Epoch: 3 [1760/2268 (8%)]	Loss: 0.000481
Train Epoch: 3 [1780/2268 (8%)]	Loss: 0.000182
Train Epoch: 3 [1800/2268 (8%)]	Loss: 0.000100
Train Epoch: 3 [1820/2268 (8%)]	Loss: 0.000129
Train Epoch: 3 [1840/2268 (8%)]	Loss: 0.000186
Train Epoch: 3 [1860/2268 (8%)]	Loss: 0.000121
Train Epoch: 3 [1880/2268 (8%)]	Loss: 0.000148
Train Epoch: 3 [1900/2268 (8%)]	Loss: 0.000103
Train Epoch: 3 [1920/2268 (8%)]	Loss: 0.000085
Train Epoch: 3 [1940/2268 (9%)]	Loss: 0.000183
Train Epoch: 3 [1960/2268 (9%)]	Loss: 0.000083
Train Epoch: 3 [1980/2268 (9%)]	Loss: 0.000190
Train Epoch: 3 [2000/2268 (9%)]	Loss: 0.000104
Train Epoch: 3 [2020/2268 (9%)]	Loss: 0.000335
Train Epoch: 3 [2040/2268 (9%)]	Loss: 0.000204
Train Epoch: 3 [2060/2268 (9%)]	Loss: 0.000459
Train Epoch: 3 [2080/2268 (9%)]	Loss: 0.000124
Train Epoch: 3 [2100/2268 (9%)]	Loss: 0.000204
Train Epoch: 3 [2120/2268 (9%)]	Loss: 0.000259
Train Epoch: 3 [2140/2268 (9%)]	Loss: 0.000251
Train Epoch: 3 [2160/2268 (10%)]	Loss: 0.000169
Train Epoch: 3 [2180/2268 (10%)]	Loss: 0.000173
Train Epoch: 3 [2200/2268 (10%)]	Loss: 0.000177
Train Epoch: 3 [2220/2268 (10%)]	Loss: 0.000110
Train Epoch: 3 [2240/2268 (10%)]	Loss: 0.000087
Train Epoch: 3 [2260/2268 (10%)]	Loss: 0.000160

Average Train Epoch Loss:  0.00016852332926858049
Started validation
Val Epoch: 3 [0/1260 (0%)]	Average Loss So Far: 0.000109
Val Epoch: 3 [40/1260 (0%)]	Average Loss So Far: 0.000161
Val Epoch: 3 [80/1260 (0%)]	Average Loss So Far: 0.000144
Val Epoch: 3 [120/1260 (0%)]	Average Loss So Far: 0.000136
Val Epoch: 3 [160/1260 (1%)]	Average Loss So Far: 0.000135
Val Epoch: 3 [200/1260 (1%)]	Average Loss So Far: 0.000137
Val Epoch: 3 [240/1260 (1%)]	Average Loss So Far: 0.000137
Val Epoch: 3 [280/1260 (1%)]	Average Loss So Far: 0.000139
Val Epoch: 3 [320/1260 (1%)]	Average Loss So Far: 0.000140
Val Epoch: 3 [360/1260 (1%)]	Average Loss So Far: 0.000139
Val Epoch: 3 [400/1260 (2%)]	Average Loss So Far: 0.000139
Val Epoch: 3 [440/1260 (2%)]	Average Loss So Far: 0.000139
Val Epoch: 3 [480/1260 (2%)]	Average Loss So Far: 0.000137
Val Epoch: 3 [520/1260 (2%)]	Average Loss So Far: 0.000137
Val Epoch: 3 [560/1260 (2%)]	Average Loss So Far: 0.000137
Val Epoch: 3 [600/1260 (2%)]	Average Loss So Far: 0.000137
Val Epoch: 3 [640/1260 (3%)]	Average Loss So Far: 0.000137
Val Epoch: 3 [680/1260 (3%)]	Average Loss So Far: 0.000137
Val Epoch: 3 [720/1260 (3%)]	Average Loss So Far: 0.000137
Val Epoch: 3 [760/1260 (3%)]	Average Loss So Far: 0.000136
Val Epoch: 3 [800/1260 (3%)]	Average Loss So Far: 0.000136
Val Epoch: 3 [840/1260 (3%)]	Average Loss So Far: 0.000136
Val Epoch: 3 [880/1260 (3%)]	Average Loss So Far: 0.000136
Val Epoch: 3 [920/1260 (4%)]	Average Loss So Far: 0.000136
Val Epoch: 3 [960/1260 (4%)]	Average Loss So Far: 0.000136
Val Epoch: 3 [1000/1260 (4%)]	Average Loss So Far: 0.000137
Val Epoch: 3 [1040/1260 (4%)]	Average Loss So Far: 0.000137
Val Epoch: 3 [1080/1260 (4%)]	Average Loss So Far: 0.000136
Val Epoch: 3 [1120/1260 (4%)]	Average Loss So Far: 0.000136
Val Epoch: 3 [1160/1260 (5%)]	Average Loss So Far: 0.000135
Val Epoch: 3 [1200/1260 (5%)]	Average Loss So Far: 0.000135
Val Epoch: 3 [1240/1260 (5%)]	Average Loss So Far: 0.000136
Average Validation Epoch Loss:  0.0001357663511195507
Average Threat Score:  0.25416160704834123
== Saving model at epoch 3 with Avg Val Loss 0.0001357663511195507 ==
== Current Threat Score is 0.2561478980062973 ==
Started epoch 4
Train Epoch: 4 [0/2268 (0%)]	Loss: 0.000117
Train Epoch: 4 [20/2268 (0%)]	Loss: 0.000132
Train Epoch: 4 [40/2268 (0%)]	Loss: 0.000103
Train Epoch: 4 [60/2268 (0%)]	Loss: 0.000129
Train Epoch: 4 [80/2268 (0%)]	Loss: 0.000153
Train Epoch: 4 [100/2268 (0%)]	Loss: 0.000459
Train Epoch: 4 [120/2268 (1%)]	Loss: 0.000116
Train Epoch: 4 [140/2268 (1%)]	Loss: 0.000117
Train Epoch: 4 [160/2268 (1%)]	Loss: 0.000213
Train Epoch: 4 [180/2268 (1%)]	Loss: 0.000166
Train Epoch: 4 [200/2268 (1%)]	Loss: 0.000162
Train Epoch: 4 [220/2268 (1%)]	Loss: 0.000125
Train Epoch: 4 [240/2268 (1%)]	Loss: 0.000174
Train Epoch: 4 [260/2268 (1%)]	Loss: 0.000163
Train Epoch: 4 [280/2268 (1%)]	Loss: 0.000125
Train Epoch: 4 [300/2268 (1%)]	Loss: 0.000097
Train Epoch: 4 [320/2268 (1%)]	Loss: 0.000111
Train Epoch: 4 [340/2268 (1%)]	Loss: 0.000186
Train Epoch: 4 [360/2268 (2%)]	Loss: 0.000141
Train Epoch: 4 [380/2268 (2%)]	Loss: 0.000206
Train Epoch: 4 [400/2268 (2%)]	Loss: 0.000263
Train Epoch: 4 [420/2268 (2%)]	Loss: 0.000146
Train Epoch: 4 [440/2268 (2%)]	Loss: 0.000118
Train Epoch: 4 [460/2268 (2%)]	Loss: 0.000823
Train Epoch: 4 [480/2268 (2%)]	Loss: 0.000153
Train Epoch: 4 [500/2268 (2%)]	Loss: 0.000124
Train Epoch: 4 [520/2268 (2%)]	Loss: 0.000147
Train Epoch: 4 [540/2268 (2%)]	Loss: 0.000176
Train Epoch: 4 [560/2268 (2%)]	Loss: 0.000132
Train Epoch: 4 [580/2268 (3%)]	Loss: 0.000189
Train Epoch: 4 [600/2268 (3%)]	Loss: 0.000092
Train Epoch: 4 [620/2268 (3%)]	Loss: 0.000103
Train Epoch: 4 [640/2268 (3%)]	Loss: 0.000135
Train Epoch: 4 [660/2268 (3%)]	Loss: 0.000134
Train Epoch: 4 [680/2268 (3%)]	Loss: 0.000166
Train Epoch: 4 [700/2268 (3%)]	Loss: 0.000326
Train Epoch: 4 [720/2268 (3%)]	Loss: 0.000116
Train Epoch: 4 [740/2268 (3%)]	Loss: 0.000154
Train Epoch: 4 [760/2268 (3%)]	Loss: 0.000163
Train Epoch: 4 [780/2268 (3%)]	Loss: 0.000119
Train Epoch: 4 [800/2268 (4%)]	Loss: 0.000166
Train Epoch: 4 [820/2268 (4%)]	Loss: 0.000145
Train Epoch: 4 [840/2268 (4%)]	Loss: 0.000136
Train Epoch: 4 [860/2268 (4%)]	Loss: 0.000213
Train Epoch: 4 [880/2268 (4%)]	Loss: 0.000091
Train Epoch: 4 [900/2268 (4%)]	Loss: 0.000141
Train Epoch: 4 [920/2268 (4%)]	Loss: 0.000081
Train Epoch: 4 [940/2268 (4%)]	Loss: 0.000101
Train Epoch: 4 [960/2268 (4%)]	Loss: 0.000121
Train Epoch: 4 [980/2268 (4%)]	Loss: 0.000100
Train Epoch: 4 [1000/2268 (4%)]	Loss: 0.000068
Train Epoch: 4 [1020/2268 (4%)]	Loss: 0.000206
Train Epoch: 4 [1040/2268 (5%)]	Loss: 0.000136
Train Epoch: 4 [1060/2268 (5%)]	Loss: 0.000119
Train Epoch: 4 [1080/2268 (5%)]	Loss: 0.000127
Train Epoch: 4 [1100/2268 (5%)]	Loss: 0.000134
Train Epoch: 4 [1120/2268 (5%)]	Loss: 0.000151
Train Epoch: 4 [1140/2268 (5%)]	Loss: 0.000131
Train Epoch: 4 [1160/2268 (5%)]	Loss: 0.000093
Train Epoch: 4 [1180/2268 (5%)]	Loss: 0.000148
Train Epoch: 4 [1200/2268 (5%)]	Loss: 0.000099
Train Epoch: 4 [1220/2268 (5%)]	Loss: 0.000119
Train Epoch: 4 [1240/2268 (5%)]	Loss: 0.000104
Train Epoch: 4 [1260/2268 (6%)]	Loss: 0.000122
Train Epoch: 4 [1280/2268 (6%)]	Loss: 0.000121
Train Epoch: 4 [1300/2268 (6%)]	Loss: 0.000137
Train Epoch: 4 [1320/2268 (6%)]	Loss: 0.000133
Train Epoch: 4 [1340/2268 (6%)]	Loss: 0.000141
Train Epoch: 4 [1360/2268 (6%)]	Loss: 0.000204
Train Epoch: 4 [1380/2268 (6%)]	Loss: 0.000170
Train Epoch: 4 [1400/2268 (6%)]	Loss: 0.000141
Train Epoch: 4 [1420/2268 (6%)]	Loss: 0.000166
Train Epoch: 4 [1440/2268 (6%)]	Loss: 0.000083
Train Epoch: 4 [1460/2268 (6%)]	Loss: 0.000123
Train Epoch: 4 [1480/2268 (7%)]	Loss: 0.000157
Train Epoch: 4 [1500/2268 (7%)]	Loss: 0.000096
Train Epoch: 4 [1520/2268 (7%)]	Loss: 0.000133
Train Epoch: 4 [1540/2268 (7%)]	Loss: 0.000211
Train Epoch: 4 [1560/2268 (7%)]	Loss: 0.000133
Train Epoch: 4 [1580/2268 (7%)]	Loss: 0.000219
Train Epoch: 4 [1600/2268 (7%)]	Loss: 0.000159
Train Epoch: 4 [1620/2268 (7%)]	Loss: 0.000167
Train Epoch: 4 [1640/2268 (7%)]	Loss: 0.000098
Train Epoch: 4 [1660/2268 (7%)]	Loss: 0.000141
Train Epoch: 4 [1680/2268 (7%)]	Loss: 0.000138
Train Epoch: 4 [1700/2268 (7%)]	Loss: 0.000150
Train Epoch: 4 [1720/2268 (8%)]	Loss: 0.000154
Train Epoch: 4 [1740/2268 (8%)]	Loss: 0.000158
Train Epoch: 4 [1760/2268 (8%)]	Loss: 0.000207
Train Epoch: 4 [1780/2268 (8%)]	Loss: 0.000239
Train Epoch: 4 [1800/2268 (8%)]	Loss: 0.000178
Train Epoch: 4 [1820/2268 (8%)]	Loss: 0.000108
Train Epoch: 4 [1840/2268 (8%)]	Loss: 0.000182
Train Epoch: 4 [1860/2268 (8%)]	Loss: 0.000205
Train Epoch: 4 [1880/2268 (8%)]	Loss: 0.000146
Train Epoch: 4 [1900/2268 (8%)]	Loss: 0.000118
Train Epoch: 4 [1920/2268 (8%)]	Loss: 0.000181
Train Epoch: 4 [1940/2268 (9%)]	Loss: 0.000087
Train Epoch: 4 [1960/2268 (9%)]	Loss: 0.000255
Train Epoch: 4 [1980/2268 (9%)]	Loss: 0.000099
Train Epoch: 4 [2000/2268 (9%)]	Loss: 0.000079
Train Epoch: 4 [2020/2268 (9%)]	Loss: 0.000110
Train Epoch: 4 [2040/2268 (9%)]	Loss: 0.000119
Train Epoch: 4 [2060/2268 (9%)]	Loss: 0.000084
Train Epoch: 4 [2080/2268 (9%)]	Loss: 0.000115
Train Epoch: 4 [2100/2268 (9%)]	Loss: 0.000179
Train Epoch: 4 [2120/2268 (9%)]	Loss: 0.000157
Train Epoch: 4 [2140/2268 (9%)]	Loss: 0.000209
Train Epoch: 4 [2160/2268 (10%)]	Loss: 0.000502
Train Epoch: 4 [2180/2268 (10%)]	Loss: 0.000158
Train Epoch: 4 [2200/2268 (10%)]	Loss: 0.000181
Train Epoch: 4 [2220/2268 (10%)]	Loss: 0.000099
Train Epoch: 4 [2240/2268 (10%)]	Loss: 0.000182
Train Epoch: 4 [2260/2268 (10%)]	Loss: 0.000168

Average Train Epoch Loss:  0.00015902272154388175
Started validation
Val Epoch: 4 [0/1260 (0%)]	Average Loss So Far: 0.000082
Val Epoch: 4 [40/1260 (0%)]	Average Loss So Far: 0.000148
Val Epoch: 4 [80/1260 (0%)]	Average Loss So Far: 0.000144
Val Epoch: 4 [120/1260 (0%)]	Average Loss So Far: 0.000148
Val Epoch: 4 [160/1260 (1%)]	Average Loss So Far: 0.000147
Val Epoch: 4 [200/1260 (1%)]	Average Loss So Far: 0.000145
Val Epoch: 4 [240/1260 (1%)]	Average Loss So Far: 0.000145
Val Epoch: 4 [280/1260 (1%)]	Average Loss So Far: 0.000146
Val Epoch: 4 [320/1260 (1%)]	Average Loss So Far: 0.000145
Val Epoch: 4 [360/1260 (1%)]	Average Loss So Far: 0.000147
Val Epoch: 4 [400/1260 (2%)]	Average Loss So Far: 0.000148
Val Epoch: 4 [440/1260 (2%)]	Average Loss So Far: 0.000148
Val Epoch: 4 [480/1260 (2%)]	Average Loss So Far: 0.000147
Val Epoch: 4 [520/1260 (2%)]	Average Loss So Far: 0.000148
Val Epoch: 4 [560/1260 (2%)]	Average Loss So Far: 0.000146
Val Epoch: 4 [600/1260 (2%)]	Average Loss So Far: 0.000145
Val Epoch: 4 [640/1260 (3%)]	Average Loss So Far: 0.000143
Val Epoch: 4 [680/1260 (3%)]	Average Loss So Far: 0.000144
Val Epoch: 4 [720/1260 (3%)]	Average Loss So Far: 0.000143
Val Epoch: 4 [760/1260 (3%)]	Average Loss So Far: 0.000143
Val Epoch: 4 [800/1260 (3%)]	Average Loss So Far: 0.000142
Val Epoch: 4 [840/1260 (3%)]	Average Loss So Far: 0.000142
Val Epoch: 4 [880/1260 (3%)]	Average Loss So Far: 0.000142
Val Epoch: 4 [920/1260 (4%)]	Average Loss So Far: 0.000143
Val Epoch: 4 [960/1260 (4%)]	Average Loss So Far: 0.000143
Val Epoch: 4 [1000/1260 (4%)]	Average Loss So Far: 0.000143
Val Epoch: 4 [1040/1260 (4%)]	Average Loss So Far: 0.000142
Val Epoch: 4 [1080/1260 (4%)]	Average Loss So Far: 0.000142
Val Epoch: 4 [1120/1260 (4%)]	Average Loss So Far: 0.000142
Val Epoch: 4 [1160/1260 (5%)]	Average Loss So Far: 0.000142
Val Epoch: 4 [1200/1260 (5%)]	Average Loss So Far: 0.000142
Val Epoch: 4 [1240/1260 (5%)]	Average Loss So Far: 0.000141
Average Validation Epoch Loss:  0.00014166515054055175
Average Threat Score:  0.25224561842661053
Started epoch 5
Train Epoch: 5 [0/2268 (0%)]	Loss: 0.000146
Train Epoch: 5 [20/2268 (0%)]	Loss: 0.000157
Train Epoch: 5 [40/2268 (0%)]	Loss: 0.000135
Train Epoch: 5 [60/2268 (0%)]	Loss: 0.000137
Train Epoch: 5 [80/2268 (0%)]	Loss: 0.000113
Train Epoch: 5 [100/2268 (0%)]	Loss: 0.000104
Train Epoch: 5 [120/2268 (1%)]	Loss: 0.000146
Train Epoch: 5 [140/2268 (1%)]	Loss: 0.000109
Train Epoch: 5 [160/2268 (1%)]	Loss: 0.000120
Train Epoch: 5 [180/2268 (1%)]	Loss: 0.000130
Train Epoch: 5 [200/2268 (1%)]	Loss: 0.000162
Train Epoch: 5 [220/2268 (1%)]	Loss: 0.000136
Train Epoch: 5 [240/2268 (1%)]	Loss: 0.000117
Train Epoch: 5 [260/2268 (1%)]	Loss: 0.000159
Train Epoch: 5 [280/2268 (1%)]	Loss: 0.000114
Train Epoch: 5 [300/2268 (1%)]	Loss: 0.000176
Train Epoch: 5 [320/2268 (1%)]	Loss: 0.000136
Train Epoch: 5 [340/2268 (1%)]	Loss: 0.000523
Train Epoch: 5 [360/2268 (2%)]	Loss: 0.000138
Train Epoch: 5 [380/2268 (2%)]	Loss: 0.000148
Train Epoch: 5 [400/2268 (2%)]	Loss: 0.000108
Train Epoch: 5 [420/2268 (2%)]	Loss: 0.000115
Train Epoch: 5 [440/2268 (2%)]	Loss: 0.000162
Train Epoch: 5 [460/2268 (2%)]	Loss: 0.000175
Train Epoch: 5 [480/2268 (2%)]	Loss: 0.000133
Train Epoch: 5 [500/2268 (2%)]	Loss: 0.000119
Train Epoch: 5 [520/2268 (2%)]	Loss: 0.000140
Train Epoch: 5 [540/2268 (2%)]	Loss: 0.000109
Train Epoch: 5 [560/2268 (2%)]	Loss: 0.000194
Train Epoch: 5 [580/2268 (3%)]	Loss: 0.000112
Train Epoch: 5 [600/2268 (3%)]	Loss: 0.000159
Train Epoch: 5 [620/2268 (3%)]	Loss: 0.000176
Train Epoch: 5 [640/2268 (3%)]	Loss: 0.000261
Train Epoch: 5 [660/2268 (3%)]	Loss: 0.000127
Train Epoch: 5 [680/2268 (3%)]	Loss: 0.000214
Train Epoch: 5 [700/2268 (3%)]	Loss: 0.000103
Train Epoch: 5 [720/2268 (3%)]	Loss: 0.000124
Train Epoch: 5 [740/2268 (3%)]	Loss: 0.000158
Train Epoch: 5 [760/2268 (3%)]	Loss: 0.000108
Train Epoch: 5 [780/2268 (3%)]	Loss: 0.000247
Train Epoch: 5 [800/2268 (4%)]	Loss: 0.000134
Train Epoch: 5 [820/2268 (4%)]	Loss: 0.000158
Train Epoch: 5 [840/2268 (4%)]	Loss: 0.000107
Train Epoch: 5 [860/2268 (4%)]	Loss: 0.000319
Train Epoch: 5 [880/2268 (4%)]	Loss: 0.000176
Train Epoch: 5 [900/2268 (4%)]	Loss: 0.000180
Train Epoch: 5 [920/2268 (4%)]	Loss: 0.000443
Train Epoch: 5 [940/2268 (4%)]	Loss: 0.000163
Train Epoch: 5 [960/2268 (4%)]	Loss: 0.000164
Train Epoch: 5 [980/2268 (4%)]	Loss: 0.000157
Train Epoch: 5 [1000/2268 (4%)]	Loss: 0.000139
Train Epoch: 5 [1020/2268 (4%)]	Loss: 0.000145
Train Epoch: 5 [1040/2268 (5%)]	Loss: 0.000282
Train Epoch: 5 [1060/2268 (5%)]	Loss: 0.000260
Train Epoch: 5 [1080/2268 (5%)]	Loss: 0.000359
Train Epoch: 5 [1100/2268 (5%)]	Loss: 0.000267
Train Epoch: 5 [1120/2268 (5%)]	Loss: 0.000113
Train Epoch: 5 [1140/2268 (5%)]	Loss: 0.000143
Train Epoch: 5 [1160/2268 (5%)]	Loss: 0.000125
Train Epoch: 5 [1180/2268 (5%)]	Loss: 0.000113
Train Epoch: 5 [1200/2268 (5%)]	Loss: 0.000084
Train Epoch: 5 [1220/2268 (5%)]	Loss: 0.000138
Train Epoch: 5 [1240/2268 (5%)]	Loss: 0.000115
Train Epoch: 5 [1260/2268 (6%)]	Loss: 0.000118
Train Epoch: 5 [1280/2268 (6%)]	Loss: 0.000119
Train Epoch: 5 [1300/2268 (6%)]	Loss: 0.000110
Train Epoch: 5 [1320/2268 (6%)]	Loss: 0.000114
Train Epoch: 5 [1340/2268 (6%)]	Loss: 0.000185
Train Epoch: 5 [1360/2268 (6%)]	Loss: 0.000084
Train Epoch: 5 [1380/2268 (6%)]	Loss: 0.000197
Train Epoch: 5 [1400/2268 (6%)]	Loss: 0.000135
Train Epoch: 5 [1420/2268 (6%)]	Loss: 0.000114
Train Epoch: 5 [1440/2268 (6%)]	Loss: 0.000139
Train Epoch: 5 [1460/2268 (6%)]	Loss: 0.000194
Train Epoch: 5 [1480/2268 (7%)]	Loss: 0.000089
Train Epoch: 5 [1500/2268 (7%)]	Loss: 0.000152
Train Epoch: 5 [1520/2268 (7%)]	Loss: 0.000136
Train Epoch: 5 [1540/2268 (7%)]	Loss: 0.000092
Train Epoch: 5 [1560/2268 (7%)]	Loss: 0.000116
Train Epoch: 5 [1580/2268 (7%)]	Loss: 0.000149
Train Epoch: 5 [1600/2268 (7%)]	Loss: 0.000135
Train Epoch: 5 [1620/2268 (7%)]	Loss: 0.000121
Train Epoch: 5 [1640/2268 (7%)]	Loss: 0.000148
Train Epoch: 5 [1660/2268 (7%)]	Loss: 0.000200
Train Epoch: 5 [1680/2268 (7%)]	Loss: 0.000152
Train Epoch: 5 [1700/2268 (7%)]	Loss: 0.000166
Train Epoch: 5 [1720/2268 (8%)]	Loss: 0.000127
Train Epoch: 5 [1740/2268 (8%)]	Loss: 0.000144
Train Epoch: 5 [1760/2268 (8%)]	Loss: 0.000128
Train Epoch: 5 [1780/2268 (8%)]	Loss: 0.000093
Train Epoch: 5 [1800/2268 (8%)]	Loss: 0.000152
Train Epoch: 5 [1820/2268 (8%)]	Loss: 0.000167
Train Epoch: 5 [1840/2268 (8%)]	Loss: 0.000149
Train Epoch: 5 [1860/2268 (8%)]	Loss: 0.000105
Train Epoch: 5 [1880/2268 (8%)]	Loss: 0.000163
Train Epoch: 5 [1900/2268 (8%)]	Loss: 0.000147
Train Epoch: 5 [1920/2268 (8%)]	Loss: 0.000154
Train Epoch: 5 [1940/2268 (9%)]	Loss: 0.000128
Train Epoch: 5 [1960/2268 (9%)]	Loss: 0.000142
Train Epoch: 5 [1980/2268 (9%)]	Loss: 0.000177
Train Epoch: 5 [2000/2268 (9%)]	Loss: 0.000187
Train Epoch: 5 [2020/2268 (9%)]	Loss: 0.000129
Train Epoch: 5 [2040/2268 (9%)]	Loss: 0.000234
Train Epoch: 5 [2060/2268 (9%)]	Loss: 0.000095
Train Epoch: 5 [2080/2268 (9%)]	Loss: 0.000122
Train Epoch: 5 [2100/2268 (9%)]	Loss: 0.000151
Train Epoch: 5 [2120/2268 (9%)]	Loss: 0.000138
Train Epoch: 5 [2140/2268 (9%)]	Loss: 0.000193
Train Epoch: 5 [2160/2268 (10%)]	Loss: 0.000178
Train Epoch: 5 [2180/2268 (10%)]	Loss: 0.000130
Train Epoch: 5 [2200/2268 (10%)]	Loss: 0.000169
Train Epoch: 5 [2220/2268 (10%)]	Loss: 0.000126
Train Epoch: 5 [2240/2268 (10%)]	Loss: 0.000176
Train Epoch: 5 [2260/2268 (10%)]	Loss: 0.000083

Average Train Epoch Loss:  0.00015389248241647513
Started validation
Val Epoch: 5 [0/1260 (0%)]	Average Loss So Far: 0.000132
Val Epoch: 5 [40/1260 (0%)]	Average Loss So Far: 0.000135
Val Epoch: 5 [80/1260 (0%)]	Average Loss So Far: 0.000133
Val Epoch: 5 [120/1260 (0%)]	Average Loss So Far: 0.000134
Val Epoch: 5 [160/1260 (1%)]	Average Loss So Far: 0.000133
Val Epoch: 5 [200/1260 (1%)]	Average Loss So Far: 0.000134
Val Epoch: 5 [240/1260 (1%)]	Average Loss So Far: 0.000134
Val Epoch: 5 [280/1260 (1%)]	Average Loss So Far: 0.000135
Val Epoch: 5 [320/1260 (1%)]	Average Loss So Far: 0.000137
Val Epoch: 5 [360/1260 (1%)]	Average Loss So Far: 0.000136
Val Epoch: 5 [400/1260 (2%)]	Average Loss So Far: 0.000135
Val Epoch: 5 [440/1260 (2%)]	Average Loss So Far: 0.000135
Val Epoch: 5 [480/1260 (2%)]	Average Loss So Far: 0.000137
Val Epoch: 5 [520/1260 (2%)]	Average Loss So Far: 0.000138
Val Epoch: 5 [560/1260 (2%)]	Average Loss So Far: 0.000137
Val Epoch: 5 [600/1260 (2%)]	Average Loss So Far: 0.000136
Val Epoch: 5 [640/1260 (3%)]	Average Loss So Far: 0.000135
Val Epoch: 5 [680/1260 (3%)]	Average Loss So Far: 0.000135
Val Epoch: 5 [720/1260 (3%)]	Average Loss So Far: 0.000136
Val Epoch: 5 [760/1260 (3%)]	Average Loss So Far: 0.000136
Val Epoch: 5 [800/1260 (3%)]	Average Loss So Far: 0.000136
Val Epoch: 5 [840/1260 (3%)]	Average Loss So Far: 0.000137
Val Epoch: 5 [880/1260 (3%)]	Average Loss So Far: 0.000136
Val Epoch: 5 [920/1260 (4%)]	Average Loss So Far: 0.000136
Val Epoch: 5 [960/1260 (4%)]	Average Loss So Far: 0.000136
Val Epoch: 5 [1000/1260 (4%)]	Average Loss So Far: 0.000136
Val Epoch: 5 [1040/1260 (4%)]	Average Loss So Far: 0.000136
Val Epoch: 5 [1080/1260 (4%)]	Average Loss So Far: 0.000137
Val Epoch: 5 [1120/1260 (4%)]	Average Loss So Far: 0.000137
Val Epoch: 5 [1160/1260 (5%)]	Average Loss So Far: 0.000137
Val Epoch: 5 [1200/1260 (5%)]	Average Loss So Far: 0.000136
Val Epoch: 5 [1240/1260 (5%)]	Average Loss So Far: 0.000136
Average Validation Epoch Loss:  0.00013594253682546283
Average Threat Score:  0.2552304589795688
Started epoch 6
Train Epoch: 6 [0/2268 (0%)]	Loss: 0.000141
Train Epoch: 6 [20/2268 (0%)]	Loss: 0.000185
Train Epoch: 6 [40/2268 (0%)]	Loss: 0.000107
Train Epoch: 6 [60/2268 (0%)]	Loss: 0.000094
Train Epoch: 6 [80/2268 (0%)]	Loss: 0.000115
Train Epoch: 6 [100/2268 (0%)]	Loss: 0.000156
Train Epoch: 6 [120/2268 (1%)]	Loss: 0.000120
Train Epoch: 6 [140/2268 (1%)]	Loss: 0.000188
Train Epoch: 6 [160/2268 (1%)]	Loss: 0.000313
Train Epoch: 6 [180/2268 (1%)]	Loss: 0.000103
Train Epoch: 6 [200/2268 (1%)]	Loss: 0.000323
Train Epoch: 6 [220/2268 (1%)]	Loss: 0.000194
Train Epoch: 6 [240/2268 (1%)]	Loss: 0.000081
Train Epoch: 6 [260/2268 (1%)]	Loss: 0.000097
Train Epoch: 6 [280/2268 (1%)]	Loss: 0.000182
Train Epoch: 6 [300/2268 (1%)]	Loss: 0.000066
Train Epoch: 6 [320/2268 (1%)]	Loss: 0.000105
Train Epoch: 6 [340/2268 (1%)]	Loss: 0.000211
Train Epoch: 6 [360/2268 (2%)]	Loss: 0.000146
Train Epoch: 6 [380/2268 (2%)]	Loss: 0.000089
Train Epoch: 6 [400/2268 (2%)]	Loss: 0.000131
Train Epoch: 6 [420/2268 (2%)]	Loss: 0.000182
Train Epoch: 6 [440/2268 (2%)]	Loss: 0.000111
Train Epoch: 6 [460/2268 (2%)]	Loss: 0.000120
Train Epoch: 6 [480/2268 (2%)]	Loss: 0.000149
Train Epoch: 6 [500/2268 (2%)]	Loss: 0.000166
Train Epoch: 6 [520/2268 (2%)]	Loss: 0.000200
Train Epoch: 6 [540/2268 (2%)]	Loss: 0.000173
Train Epoch: 6 [560/2268 (2%)]	Loss: 0.000280
Train Epoch: 6 [580/2268 (3%)]	Loss: 0.000384
Train Epoch: 6 [600/2268 (3%)]	Loss: 0.000132
Train Epoch: 6 [620/2268 (3%)]	Loss: 0.000124
Train Epoch: 6 [640/2268 (3%)]	Loss: 0.000089
Train Epoch: 6 [660/2268 (3%)]	Loss: 0.000158
Train Epoch: 6 [680/2268 (3%)]	Loss: 0.000260
Train Epoch: 6 [700/2268 (3%)]	Loss: 0.000121
Train Epoch: 6 [720/2268 (3%)]	Loss: 0.000181
Train Epoch: 6 [740/2268 (3%)]	Loss: 0.000125
Train Epoch: 6 [760/2268 (3%)]	Loss: 0.000336
Train Epoch: 6 [780/2268 (3%)]	Loss: 0.000136
Train Epoch: 6 [800/2268 (4%)]	Loss: 0.000161
Train Epoch: 6 [820/2268 (4%)]	Loss: 0.000148
Train Epoch: 6 [840/2268 (4%)]	Loss: 0.000134
Train Epoch: 6 [860/2268 (4%)]	Loss: 0.000056
Train Epoch: 6 [880/2268 (4%)]	Loss: 0.000165
Train Epoch: 6 [900/2268 (4%)]	Loss: 0.000208
Train Epoch: 6 [920/2268 (4%)]	Loss: 0.000172
Train Epoch: 6 [940/2268 (4%)]	Loss: 0.000120
Train Epoch: 6 [960/2268 (4%)]	Loss: 0.000089
Train Epoch: 6 [980/2268 (4%)]	Loss: 0.000138
Train Epoch: 6 [1000/2268 (4%)]	Loss: 0.000198
Train Epoch: 6 [1020/2268 (4%)]	Loss: 0.000234
Train Epoch: 6 [1040/2268 (5%)]	Loss: 0.000116
Train Epoch: 6 [1060/2268 (5%)]	Loss: 0.000134
Train Epoch: 6 [1080/2268 (5%)]	Loss: 0.000358
Train Epoch: 6 [1100/2268 (5%)]	Loss: 0.000200
Train Epoch: 6 [1120/2268 (5%)]	Loss: 0.000087
Train Epoch: 6 [1140/2268 (5%)]	Loss: 0.000118
Train Epoch: 6 [1160/2268 (5%)]	Loss: 0.000122
Train Epoch: 6 [1180/2268 (5%)]	Loss: 0.000136
Train Epoch: 6 [1200/2268 (5%)]	Loss: 0.000120
Train Epoch: 6 [1220/2268 (5%)]	Loss: 0.000218
Train Epoch: 6 [1240/2268 (5%)]	Loss: 0.000126
Train Epoch: 6 [1260/2268 (6%)]	Loss: 0.000126
Train Epoch: 6 [1280/2268 (6%)]	Loss: 0.000151
Train Epoch: 6 [1300/2268 (6%)]	Loss: 0.000145
Train Epoch: 6 [1320/2268 (6%)]	Loss: 0.000166
Train Epoch: 6 [1340/2268 (6%)]	Loss: 0.000094
Train Epoch: 6 [1360/2268 (6%)]	Loss: 0.000148
Train Epoch: 6 [1380/2268 (6%)]	Loss: 0.000153
Train Epoch: 6 [1400/2268 (6%)]	Loss: 0.000215
Train Epoch: 6 [1420/2268 (6%)]	Loss: 0.000137
Train Epoch: 6 [1440/2268 (6%)]	Loss: 0.000197
Train Epoch: 6 [1460/2268 (6%)]	Loss: 0.000126
Train Epoch: 6 [1480/2268 (7%)]	Loss: 0.000203
Train Epoch: 6 [1500/2268 (7%)]	Loss: 0.000118
Train Epoch: 6 [1520/2268 (7%)]	Loss: 0.000118
Train Epoch: 6 [1540/2268 (7%)]	Loss: 0.000134
Train Epoch: 6 [1560/2268 (7%)]	Loss: 0.000087
Train Epoch: 6 [1580/2268 (7%)]	Loss: 0.000264
Train Epoch: 6 [1600/2268 (7%)]	Loss: 0.000135
Train Epoch: 6 [1620/2268 (7%)]	Loss: 0.000132
Train Epoch: 6 [1640/2268 (7%)]	Loss: 0.000139
Train Epoch: 6 [1660/2268 (7%)]	Loss: 0.000112
Train Epoch: 6 [1680/2268 (7%)]	Loss: 0.000199
Train Epoch: 6 [1700/2268 (7%)]	Loss: 0.000165
Train Epoch: 6 [1720/2268 (8%)]	Loss: 0.000072
Train Epoch: 6 [1740/2268 (8%)]	Loss: 0.000189
Train Epoch: 6 [1760/2268 (8%)]	Loss: 0.000106
Train Epoch: 6 [1780/2268 (8%)]	Loss: 0.000189
Train Epoch: 6 [1800/2268 (8%)]	Loss: 0.000161
Train Epoch: 6 [1820/2268 (8%)]	Loss: 0.000339
Train Epoch: 6 [1840/2268 (8%)]	Loss: 0.000166
Train Epoch: 6 [1860/2268 (8%)]	Loss: 0.000127
Train Epoch: 6 [1880/2268 (8%)]	Loss: 0.000191
Train Epoch: 6 [1900/2268 (8%)]	Loss: 0.000134
Train Epoch: 6 [1920/2268 (8%)]	Loss: 0.000098
Train Epoch: 6 [1940/2268 (9%)]	Loss: 0.000162
Train Epoch: 6 [1960/2268 (9%)]	Loss: 0.000112
Train Epoch: 6 [1980/2268 (9%)]	Loss: 0.000143
Train Epoch: 6 [2000/2268 (9%)]	Loss: 0.000100
Train Epoch: 6 [2020/2268 (9%)]	Loss: 0.000174
Train Epoch: 6 [2040/2268 (9%)]	Loss: 0.000119
Train Epoch: 6 [2060/2268 (9%)]	Loss: 0.000181
Train Epoch: 6 [2080/2268 (9%)]	Loss: 0.000298
Train Epoch: 6 [2100/2268 (9%)]	Loss: 0.000090
Train Epoch: 6 [2120/2268 (9%)]	Loss: 0.000120
Train Epoch: 6 [2140/2268 (9%)]	Loss: 0.000118
Train Epoch: 6 [2160/2268 (10%)]	Loss: 0.000219
Train Epoch: 6 [2180/2268 (10%)]	Loss: 0.000092
Train Epoch: 6 [2200/2268 (10%)]	Loss: 0.000238
Train Epoch: 6 [2220/2268 (10%)]	Loss: 0.000115
Train Epoch: 6 [2240/2268 (10%)]	Loss: 0.000117
Train Epoch: 6 [2260/2268 (10%)]	Loss: 0.000154

Average Train Epoch Loss:  0.00016158635744720117
Started validation
Val Epoch: 6 [0/1260 (0%)]	Average Loss So Far: 0.000157
Val Epoch: 6 [40/1260 (0%)]	Average Loss So Far: 0.000145
Val Epoch: 6 [80/1260 (0%)]	Average Loss So Far: 0.000142
Val Epoch: 6 [120/1260 (0%)]	Average Loss So Far: 0.000143
Val Epoch: 6 [160/1260 (1%)]	Average Loss So Far: 0.000141
Val Epoch: 6 [200/1260 (1%)]	Average Loss So Far: 0.000140
Val Epoch: 6 [240/1260 (1%)]	Average Loss So Far: 0.000139
Val Epoch: 6 [280/1260 (1%)]	Average Loss So Far: 0.000137
Val Epoch: 6 [320/1260 (1%)]	Average Loss So Far: 0.000137
Val Epoch: 6 [360/1260 (1%)]	Average Loss So Far: 0.000137
Val Epoch: 6 [400/1260 (2%)]	Average Loss So Far: 0.000136
Val Epoch: 6 [440/1260 (2%)]	Average Loss So Far: 0.000135
Val Epoch: 6 [480/1260 (2%)]	Average Loss So Far: 0.000136
Val Epoch: 6 [520/1260 (2%)]	Average Loss So Far: 0.000136
Val Epoch: 6 [560/1260 (2%)]	Average Loss So Far: 0.000136
Val Epoch: 6 [600/1260 (2%)]	Average Loss So Far: 0.000137
Val Epoch: 6 [640/1260 (3%)]	Average Loss So Far: 0.000137
Val Epoch: 6 [680/1260 (3%)]	Average Loss So Far: 0.000136
Val Epoch: 6 [720/1260 (3%)]	Average Loss So Far: 0.000136
Val Epoch: 6 [760/1260 (3%)]	Average Loss So Far: 0.000135
Val Epoch: 6 [800/1260 (3%)]	Average Loss So Far: 0.000135
Val Epoch: 6 [840/1260 (3%)]	Average Loss So Far: 0.000135
Val Epoch: 6 [880/1260 (3%)]	Average Loss So Far: 0.000135
Val Epoch: 6 [920/1260 (4%)]	Average Loss So Far: 0.000136
Val Epoch: 6 [960/1260 (4%)]	Average Loss So Far: 0.000137
Val Epoch: 6 [1000/1260 (4%)]	Average Loss So Far: 0.000137
Val Epoch: 6 [1040/1260 (4%)]	Average Loss So Far: 0.000136
Val Epoch: 6 [1080/1260 (4%)]	Average Loss So Far: 0.000136
Val Epoch: 6 [1120/1260 (4%)]	Average Loss So Far: 0.000137
Val Epoch: 6 [1160/1260 (5%)]	Average Loss So Far: 0.000137
Val Epoch: 6 [1200/1260 (5%)]	Average Loss So Far: 0.000137
Val Epoch: 6 [1240/1260 (5%)]	Average Loss So Far: 0.000136
Average Validation Epoch Loss:  0.0001361223234907429
Average Threat Score:  0.255331755157501
Started epoch 7
Train Epoch: 7 [0/2268 (0%)]	Loss: 0.000098
Train Epoch: 7 [20/2268 (0%)]	Loss: 0.000174
Train Epoch: 7 [40/2268 (0%)]	Loss: 0.000116
Train Epoch: 7 [60/2268 (0%)]	Loss: 0.000260
Train Epoch: 7 [80/2268 (0%)]	Loss: 0.000199
Train Epoch: 7 [100/2268 (0%)]	Loss: 0.000122
Train Epoch: 7 [120/2268 (1%)]	Loss: 0.000199
Train Epoch: 7 [140/2268 (1%)]	Loss: 0.000159
Train Epoch: 7 [160/2268 (1%)]	Loss: 0.000112
Train Epoch: 7 [180/2268 (1%)]	Loss: 0.000109
Train Epoch: 7 [200/2268 (1%)]	Loss: 0.000144
Train Epoch: 7 [220/2268 (1%)]	Loss: 0.000082
Train Epoch: 7 [240/2268 (1%)]	Loss: 0.000104
Train Epoch: 7 [260/2268 (1%)]	Loss: 0.000100
Train Epoch: 7 [280/2268 (1%)]	Loss: 0.000168
Train Epoch: 7 [300/2268 (1%)]	Loss: 0.000126
Train Epoch: 7 [320/2268 (1%)]	Loss: 0.000248
Train Epoch: 7 [340/2268 (1%)]	Loss: 0.000132
Train Epoch: 7 [360/2268 (2%)]	Loss: 0.000153
Train Epoch: 7 [380/2268 (2%)]	Loss: 0.000095
Train Epoch: 7 [400/2268 (2%)]	Loss: 0.000159
Train Epoch: 7 [420/2268 (2%)]	Loss: 0.000112
Train Epoch: 7 [440/2268 (2%)]	Loss: 0.000145
Train Epoch: 7 [460/2268 (2%)]	Loss: 0.000061
Train Epoch: 7 [480/2268 (2%)]	Loss: 0.000385
Train Epoch: 7 [500/2268 (2%)]	Loss: 0.000160
Train Epoch: 7 [520/2268 (2%)]	Loss: 0.000110
Train Epoch: 7 [540/2268 (2%)]	Loss: 0.000119
Train Epoch: 7 [560/2268 (2%)]	Loss: 0.000121
Train Epoch: 7 [580/2268 (3%)]	Loss: 0.000072
Train Epoch: 7 [600/2268 (3%)]	Loss: 0.000120
Train Epoch: 7 [620/2268 (3%)]	Loss: 0.000170
Train Epoch: 7 [640/2268 (3%)]	Loss: 0.000136
Train Epoch: 7 [660/2268 (3%)]	Loss: 0.000118
Train Epoch: 7 [680/2268 (3%)]	Loss: 0.000171
Train Epoch: 7 [700/2268 (3%)]	Loss: 0.000117
Train Epoch: 7 [720/2268 (3%)]	Loss: 0.000123
Train Epoch: 7 [740/2268 (3%)]	Loss: 0.000124
Train Epoch: 7 [760/2268 (3%)]	Loss: 0.000133
Train Epoch: 7 [780/2268 (3%)]	Loss: 0.000114
Train Epoch: 7 [800/2268 (4%)]	Loss: 0.000111
Train Epoch: 7 [820/2268 (4%)]	Loss: 0.000145
Train Epoch: 7 [840/2268 (4%)]	Loss: 0.000101
Train Epoch: 7 [860/2268 (4%)]	Loss: 0.000118
Train Epoch: 7 [880/2268 (4%)]	Loss: 0.000130
Train Epoch: 7 [900/2268 (4%)]	Loss: 0.000154
Train Epoch: 7 [920/2268 (4%)]	Loss: 0.000116
Train Epoch: 7 [940/2268 (4%)]	Loss: 0.000110
Train Epoch: 7 [960/2268 (4%)]	Loss: 0.000131
Train Epoch: 7 [980/2268 (4%)]	Loss: 0.000186
Train Epoch: 7 [1000/2268 (4%)]	Loss: 0.000148
Train Epoch: 7 [1020/2268 (4%)]	Loss: 0.000112
Train Epoch: 7 [1040/2268 (5%)]	Loss: 0.000190
Train Epoch: 7 [1060/2268 (5%)]	Loss: 0.000083
Train Epoch: 7 [1080/2268 (5%)]	Loss: 0.000124
Train Epoch: 7 [1100/2268 (5%)]	Loss: 0.000303
Train Epoch: 7 [1120/2268 (5%)]	Loss: 0.000117
Train Epoch: 7 [1140/2268 (5%)]	Loss: 0.000161
Train Epoch: 7 [1160/2268 (5%)]	Loss: 0.000106
Train Epoch: 7 [1180/2268 (5%)]	Loss: 0.000083
Train Epoch: 7 [1200/2268 (5%)]	Loss: 0.000140
Train Epoch: 7 [1220/2268 (5%)]	Loss: 0.000117
Train Epoch: 7 [1240/2268 (5%)]	Loss: 0.000058
Train Epoch: 7 [1260/2268 (6%)]	Loss: 0.000139
Train Epoch: 7 [1280/2268 (6%)]	Loss: 0.000205
Train Epoch: 7 [1300/2268 (6%)]	Loss: 0.000189
Train Epoch: 7 [1320/2268 (6%)]	Loss: 0.000164
Train Epoch: 7 [1340/2268 (6%)]	Loss: 0.000147
Train Epoch: 7 [1360/2268 (6%)]	Loss: 0.000201
Train Epoch: 7 [1380/2268 (6%)]	Loss: 0.000309
Train Epoch: 7 [1400/2268 (6%)]	Loss: 0.000194
Train Epoch: 7 [1420/2268 (6%)]	Loss: 0.000130
Train Epoch: 7 [1440/2268 (6%)]	Loss: 0.000175
Train Epoch: 7 [1460/2268 (6%)]	Loss: 0.000166
Train Epoch: 7 [1480/2268 (7%)]	Loss: 0.000123
Train Epoch: 7 [1500/2268 (7%)]	Loss: 0.000200
Train Epoch: 7 [1520/2268 (7%)]	Loss: 0.000141
Train Epoch: 7 [1540/2268 (7%)]	Loss: 0.000208
Train Epoch: 7 [1560/2268 (7%)]	Loss: 0.000122
Train Epoch: 7 [1580/2268 (7%)]	Loss: 0.000109
Train Epoch: 7 [1600/2268 (7%)]	Loss: 0.000192
Train Epoch: 7 [1620/2268 (7%)]	Loss: 0.000201
Train Epoch: 7 [1640/2268 (7%)]	Loss: 0.000135
Train Epoch: 7 [1660/2268 (7%)]	Loss: 0.000152
Train Epoch: 7 [1680/2268 (7%)]	Loss: 0.000087
Train Epoch: 7 [1700/2268 (7%)]	Loss: 0.000155
Train Epoch: 7 [1720/2268 (8%)]	Loss: 0.000172
Train Epoch: 7 [1740/2268 (8%)]	Loss: 0.000129
Train Epoch: 7 [1760/2268 (8%)]	Loss: 0.000120
Train Epoch: 7 [1780/2268 (8%)]	Loss: 0.000110
Train Epoch: 7 [1800/2268 (8%)]	Loss: 0.000153
Train Epoch: 7 [1820/2268 (8%)]	Loss: 0.000470
Train Epoch: 7 [1840/2268 (8%)]	Loss: 0.000266
Train Epoch: 7 [1860/2268 (8%)]	Loss: 0.000169
Train Epoch: 7 [1880/2268 (8%)]	Loss: 0.000194
Train Epoch: 7 [1900/2268 (8%)]	Loss: 0.000084
Train Epoch: 7 [1920/2268 (8%)]	Loss: 0.000066
Train Epoch: 7 [1940/2268 (9%)]	Loss: 0.000138
Train Epoch: 7 [1960/2268 (9%)]	Loss: 0.000184
Train Epoch: 7 [1980/2268 (9%)]	Loss: 0.000088
Train Epoch: 7 [2000/2268 (9%)]	Loss: 0.000136
Train Epoch: 7 [2020/2268 (9%)]	Loss: 0.000133
Train Epoch: 7 [2040/2268 (9%)]	Loss: 0.000161
Train Epoch: 7 [2060/2268 (9%)]	Loss: 0.000097
Train Epoch: 7 [2080/2268 (9%)]	Loss: 0.000156
Train Epoch: 7 [2100/2268 (9%)]	Loss: 0.000134
Train Epoch: 7 [2120/2268 (9%)]	Loss: 0.000175
Train Epoch: 7 [2140/2268 (9%)]	Loss: 0.000070
Train Epoch: 7 [2160/2268 (10%)]	Loss: 0.000113
Train Epoch: 7 [2180/2268 (10%)]	Loss: 0.000182
Train Epoch: 7 [2200/2268 (10%)]	Loss: 0.000085
Train Epoch: 7 [2220/2268 (10%)]	Loss: 0.000150
Train Epoch: 7 [2240/2268 (10%)]	Loss: 0.000128
Train Epoch: 7 [2260/2268 (10%)]	Loss: 0.000107

Average Train Epoch Loss:  0.0001576941703523463
Started validation
Val Epoch: 7 [0/1260 (0%)]	Average Loss So Far: 0.000087
Val Epoch: 7 [40/1260 (0%)]	Average Loss So Far: 0.000123
Val Epoch: 7 [80/1260 (0%)]	Average Loss So Far: 0.000125
Val Epoch: 7 [120/1260 (0%)]	Average Loss So Far: 0.000130
Val Epoch: 7 [160/1260 (1%)]	Average Loss So Far: 0.000128
Val Epoch: 7 [200/1260 (1%)]	Average Loss So Far: 0.000133
Val Epoch: 7 [240/1260 (1%)]	Average Loss So Far: 0.000134
Val Epoch: 7 [280/1260 (1%)]	Average Loss So Far: 0.000133
Val Epoch: 7 [320/1260 (1%)]	Average Loss So Far: 0.000134
Val Epoch: 7 [360/1260 (1%)]	Average Loss So Far: 0.000134
Val Epoch: 7 [400/1260 (2%)]	Average Loss So Far: 0.000134
Val Epoch: 7 [440/1260 (2%)]	Average Loss So Far: 0.000133
Val Epoch: 7 [480/1260 (2%)]	Average Loss So Far: 0.000134
Val Epoch: 7 [520/1260 (2%)]	Average Loss So Far: 0.000133
Val Epoch: 7 [560/1260 (2%)]	Average Loss So Far: 0.000133
Val Epoch: 7 [600/1260 (2%)]	Average Loss So Far: 0.000133
Val Epoch: 7 [640/1260 (3%)]	Average Loss So Far: 0.000133
Val Epoch: 7 [680/1260 (3%)]	Average Loss So Far: 0.000134
Val Epoch: 7 [720/1260 (3%)]	Average Loss So Far: 0.000134
Val Epoch: 7 [760/1260 (3%)]	Average Loss So Far: 0.000134
Val Epoch: 7 [800/1260 (3%)]	Average Loss So Far: 0.000134
Val Epoch: 7 [840/1260 (3%)]	Average Loss So Far: 0.000134
Val Epoch: 7 [880/1260 (3%)]	Average Loss So Far: 0.000134
Val Epoch: 7 [920/1260 (4%)]	Average Loss So Far: 0.000134
Val Epoch: 7 [960/1260 (4%)]	Average Loss So Far: 0.000135
Val Epoch: 7 [1000/1260 (4%)]	Average Loss So Far: 0.000134
Val Epoch: 7 [1040/1260 (4%)]	Average Loss So Far: 0.000134
Val Epoch: 7 [1080/1260 (4%)]	Average Loss So Far: 0.000135
Val Epoch: 7 [1120/1260 (4%)]	Average Loss So Far: 0.000135
Val Epoch: 7 [1160/1260 (5%)]	Average Loss So Far: 0.000135
Val Epoch: 7 [1200/1260 (5%)]	Average Loss So Far: 0.000134
Val Epoch: 7 [1240/1260 (5%)]	Average Loss So Far: 0.000135
Average Validation Epoch Loss:  0.00013503282856212407
Average Threat Score:  0.2564806534953061
== Saving model at epoch 7 with Avg Val Loss 0.00013503282856212407 ==
== Current Threat Score is 0.2564806534953061 ==
Started epoch 8
Train Epoch: 8 [0/2268 (0%)]	Loss: 0.000129
Train Epoch: 8 [20/2268 (0%)]	Loss: 0.000133
Train Epoch: 8 [40/2268 (0%)]	Loss: 0.000135
Train Epoch: 8 [60/2268 (0%)]	Loss: 0.000107
Train Epoch: 8 [80/2268 (0%)]	Loss: 0.000175
Train Epoch: 8 [100/2268 (0%)]	Loss: 0.000115
Train Epoch: 8 [120/2268 (1%)]	Loss: 0.000139
Train Epoch: 8 [140/2268 (1%)]	Loss: 0.000206
Train Epoch: 8 [160/2268 (1%)]	Loss: 0.000155
Train Epoch: 8 [180/2268 (1%)]	Loss: 0.000094
Train Epoch: 8 [200/2268 (1%)]	Loss: 0.000149
Train Epoch: 8 [220/2268 (1%)]	Loss: 0.000130
Train Epoch: 8 [240/2268 (1%)]	Loss: 0.000143
Train Epoch: 8 [260/2268 (1%)]	Loss: 0.000225
Train Epoch: 8 [280/2268 (1%)]	Loss: 0.000084
Train Epoch: 8 [300/2268 (1%)]	Loss: 0.000143
Train Epoch: 8 [320/2268 (1%)]	Loss: 0.000113
Train Epoch: 8 [340/2268 (1%)]	Loss: 0.000142
Train Epoch: 8 [360/2268 (2%)]	Loss: 0.000149
Train Epoch: 8 [380/2268 (2%)]	Loss: 0.000112
Train Epoch: 8 [400/2268 (2%)]	Loss: 0.000131
Train Epoch: 8 [420/2268 (2%)]	Loss: 0.000158
Train Epoch: 8 [440/2268 (2%)]	Loss: 0.000104
Train Epoch: 8 [460/2268 (2%)]	Loss: 0.000176
Train Epoch: 8 [480/2268 (2%)]	Loss: 0.000133
Train Epoch: 8 [500/2268 (2%)]	Loss: 0.000139
Train Epoch: 8 [520/2268 (2%)]	Loss: 0.000252
Train Epoch: 8 [540/2268 (2%)]	Loss: 0.000210
Train Epoch: 8 [560/2268 (2%)]	Loss: 0.000109
Train Epoch: 8 [580/2268 (3%)]	Loss: 0.000140
Train Epoch: 8 [600/2268 (3%)]	Loss: 0.000233
Train Epoch: 8 [620/2268 (3%)]	Loss: 0.000107
Train Epoch: 8 [640/2268 (3%)]	Loss: 0.000199
Train Epoch: 8 [660/2268 (3%)]	Loss: 0.000201
Train Epoch: 8 [680/2268 (3%)]	Loss: 0.000115
Train Epoch: 8 [700/2268 (3%)]	Loss: 0.000189
Train Epoch: 8 [720/2268 (3%)]	Loss: 0.000111
Train Epoch: 8 [740/2268 (3%)]	Loss: 0.000111
Train Epoch: 8 [760/2268 (3%)]	Loss: 0.000148
Train Epoch: 8 [780/2268 (3%)]	Loss: 0.000120
Train Epoch: 8 [800/2268 (4%)]	Loss: 0.000120
Train Epoch: 8 [820/2268 (4%)]	Loss: 0.000147
Train Epoch: 8 [840/2268 (4%)]	Loss: 0.000117
Train Epoch: 8 [860/2268 (4%)]	Loss: 0.000121
Train Epoch: 8 [880/2268 (4%)]	Loss: 0.000081
Train Epoch: 8 [900/2268 (4%)]	Loss: 0.000086
Train Epoch: 8 [920/2268 (4%)]	Loss: 0.000116
Train Epoch: 8 [940/2268 (4%)]	Loss: 0.000109
Train Epoch: 8 [960/2268 (4%)]	Loss: 0.000139
Train Epoch: 8 [980/2268 (4%)]	Loss: 0.000144
Train Epoch: 8 [1000/2268 (4%)]	Loss: 0.000198
Train Epoch: 8 [1020/2268 (4%)]	Loss: 0.000136
Train Epoch: 8 [1040/2268 (5%)]	Loss: 0.000199
Train Epoch: 8 [1060/2268 (5%)]	Loss: 0.000156
Train Epoch: 8 [1080/2268 (5%)]	Loss: 0.000136
Train Epoch: 8 [1100/2268 (5%)]	Loss: 0.000158
Train Epoch: 8 [1120/2268 (5%)]	Loss: 0.000172
Train Epoch: 8 [1140/2268 (5%)]	Loss: 0.000159
Train Epoch: 8 [1160/2268 (5%)]	Loss: 0.000141
Train Epoch: 8 [1180/2268 (5%)]	Loss: 0.000143
Train Epoch: 8 [1200/2268 (5%)]	Loss: 0.000138
Train Epoch: 8 [1220/2268 (5%)]	Loss: 0.000109
Train Epoch: 8 [1240/2268 (5%)]	Loss: 0.000220
Train Epoch: 8 [1260/2268 (6%)]	Loss: 0.000269
Train Epoch: 8 [1280/2268 (6%)]	Loss: 0.000096
Train Epoch: 8 [1300/2268 (6%)]	Loss: 0.000108
Train Epoch: 8 [1320/2268 (6%)]	Loss: 0.000097
Train Epoch: 8 [1340/2268 (6%)]	Loss: 0.000166
Train Epoch: 8 [1360/2268 (6%)]	Loss: 0.000083
Train Epoch: 8 [1380/2268 (6%)]	Loss: 0.000124
Train Epoch: 8 [1400/2268 (6%)]	Loss: 0.000119
Train Epoch: 8 [1420/2268 (6%)]	Loss: 0.000112
Train Epoch: 8 [1440/2268 (6%)]	Loss: 0.000235
Train Epoch: 8 [1460/2268 (6%)]	Loss: 0.000125
Train Epoch: 8 [1480/2268 (7%)]	Loss: 0.000162
Train Epoch: 8 [1500/2268 (7%)]	Loss: 0.000163
Train Epoch: 8 [1520/2268 (7%)]	Loss: 0.000196
Train Epoch: 8 [1540/2268 (7%)]	Loss: 0.000126
Train Epoch: 8 [1560/2268 (7%)]	Loss: 0.000152
Train Epoch: 8 [1580/2268 (7%)]	Loss: 0.000109
Train Epoch: 8 [1600/2268 (7%)]	Loss: 0.000136
Train Epoch: 8 [1620/2268 (7%)]	Loss: 0.000389
Train Epoch: 8 [1640/2268 (7%)]	Loss: 0.000133
Train Epoch: 8 [1660/2268 (7%)]	Loss: 0.000133
Train Epoch: 8 [1680/2268 (7%)]	Loss: 0.000217
Train Epoch: 8 [1700/2268 (7%)]	Loss: 0.000099
Train Epoch: 8 [1720/2268 (8%)]	Loss: 0.000102
Train Epoch: 8 [1740/2268 (8%)]	Loss: 0.000145
Train Epoch: 8 [1760/2268 (8%)]	Loss: 0.000180
Train Epoch: 8 [1780/2268 (8%)]	Loss: 0.000150
Train Epoch: 8 [1800/2268 (8%)]	Loss: 0.000159
Train Epoch: 8 [1820/2268 (8%)]	Loss: 0.000115
Train Epoch: 8 [1840/2268 (8%)]	Loss: 0.000098
Train Epoch: 8 [1860/2268 (8%)]	Loss: 0.000121
Train Epoch: 8 [1880/2268 (8%)]	Loss: 0.000148
Train Epoch: 8 [1900/2268 (8%)]	Loss: 0.000106
Train Epoch: 8 [1920/2268 (8%)]	Loss: 0.000147
Train Epoch: 8 [1940/2268 (9%)]	Loss: 0.000334
Train Epoch: 8 [1960/2268 (9%)]	Loss: 0.000209
Train Epoch: 8 [1980/2268 (9%)]	Loss: 0.000188
Train Epoch: 8 [2000/2268 (9%)]	Loss: 0.000195
Train Epoch: 8 [2020/2268 (9%)]	Loss: 0.000153
Train Epoch: 8 [2040/2268 (9%)]	Loss: 0.000193
Train Epoch: 8 [2060/2268 (9%)]	Loss: 0.000191
Train Epoch: 8 [2080/2268 (9%)]	Loss: 0.000099
Train Epoch: 8 [2100/2268 (9%)]	Loss: 0.000119
Train Epoch: 8 [2120/2268 (9%)]	Loss: 0.000143
Train Epoch: 8 [2140/2268 (9%)]	Loss: 0.000072
Train Epoch: 8 [2160/2268 (10%)]	Loss: 0.000185
Train Epoch: 8 [2180/2268 (10%)]	Loss: 0.000195
Train Epoch: 8 [2200/2268 (10%)]	Loss: 0.000178
Train Epoch: 8 [2220/2268 (10%)]	Loss: 0.000107
Train Epoch: 8 [2240/2268 (10%)]	Loss: 0.000099
Train Epoch: 8 [2260/2268 (10%)]	Loss: 0.000210

Average Train Epoch Loss:  0.0001501762343311199
Started validation
Val Epoch: 8 [0/1260 (0%)]	Average Loss So Far: 0.000162
Val Epoch: 8 [40/1260 (0%)]	Average Loss So Far: 0.000135
Val Epoch: 8 [80/1260 (0%)]	Average Loss So Far: 0.000131
Val Epoch: 8 [120/1260 (0%)]	Average Loss So Far: 0.000129
Val Epoch: 8 [160/1260 (1%)]	Average Loss So Far: 0.000131
Val Epoch: 8 [200/1260 (1%)]	Average Loss So Far: 0.000132
Val Epoch: 8 [240/1260 (1%)]	Average Loss So Far: 0.000130
Val Epoch: 8 [280/1260 (1%)]	Average Loss So Far: 0.000132
Val Epoch: 8 [320/1260 (1%)]	Average Loss So Far: 0.000135
Val Epoch: 8 [360/1260 (1%)]	Average Loss So Far: 0.000134
Val Epoch: 8 [400/1260 (2%)]	Average Loss So Far: 0.000134
Val Epoch: 8 [440/1260 (2%)]	Average Loss So Far: 0.000135
Val Epoch: 8 [480/1260 (2%)]	Average Loss So Far: 0.000136
Val Epoch: 8 [520/1260 (2%)]	Average Loss So Far: 0.000136
Val Epoch: 8 [560/1260 (2%)]	Average Loss So Far: 0.000136
Val Epoch: 8 [600/1260 (2%)]	Average Loss So Far: 0.000137
Val Epoch: 8 [640/1260 (3%)]	Average Loss So Far: 0.000137
Val Epoch: 8 [680/1260 (3%)]	Average Loss So Far: 0.000136
Val Epoch: 8 [720/1260 (3%)]	Average Loss So Far: 0.000136
Val Epoch: 8 [760/1260 (3%)]	Average Loss So Far: 0.000135
Val Epoch: 8 [800/1260 (3%)]	Average Loss So Far: 0.000135
Val Epoch: 8 [840/1260 (3%)]	Average Loss So Far: 0.000135
Val Epoch: 8 [880/1260 (3%)]	Average Loss So Far: 0.000135
Val Epoch: 8 [920/1260 (4%)]	Average Loss So Far: 0.000135
Val Epoch: 8 [960/1260 (4%)]	Average Loss So Far: 0.000135
Val Epoch: 8 [1000/1260 (4%)]	Average Loss So Far: 0.000135
Val Epoch: 8 [1040/1260 (4%)]	Average Loss So Far: 0.000135
Val Epoch: 8 [1080/1260 (4%)]	Average Loss So Far: 0.000134
Val Epoch: 8 [1120/1260 (4%)]	Average Loss So Far: 0.000134
Val Epoch: 8 [1160/1260 (5%)]	Average Loss So Far: 0.000135
Val Epoch: 8 [1200/1260 (5%)]	Average Loss So Far: 0.000135
Val Epoch: 8 [1240/1260 (5%)]	Average Loss So Far: 0.000135
Average Validation Epoch Loss:  0.00013466082587210932
Average Threat Score:  0.2561509181346212
== Saving model at epoch 8 with Avg Val Loss 0.00013466082587210932 ==
== Current Threat Score is 0.2564806534953061 ==
Started epoch 9
Train Epoch: 9 [0/2268 (0%)]	Loss: 0.000198
Train Epoch: 9 [20/2268 (0%)]	Loss: 0.000160
Train Epoch: 9 [40/2268 (0%)]	Loss: 0.000162
Train Epoch: 9 [60/2268 (0%)]	Loss: 0.000504
Train Epoch: 9 [80/2268 (0%)]	Loss: 0.000176
Train Epoch: 9 [100/2268 (0%)]	Loss: 0.000089
Train Epoch: 9 [120/2268 (1%)]	Loss: 0.000150
Train Epoch: 9 [140/2268 (1%)]	Loss: 0.000143
Train Epoch: 9 [160/2268 (1%)]	Loss: 0.000123
Train Epoch: 9 [180/2268 (1%)]	Loss: 0.000137
Train Epoch: 9 [200/2268 (1%)]	Loss: 0.000120
Train Epoch: 9 [220/2268 (1%)]	Loss: 0.000194
Train Epoch: 9 [240/2268 (1%)]	Loss: 0.000126
Train Epoch: 9 [260/2268 (1%)]	Loss: 0.000117
Train Epoch: 9 [280/2268 (1%)]	Loss: 0.000114
Train Epoch: 9 [300/2268 (1%)]	Loss: 0.000191
Train Epoch: 9 [320/2268 (1%)]	Loss: 0.000121
Train Epoch: 9 [340/2268 (1%)]	Loss: 0.000182
Train Epoch: 9 [360/2268 (2%)]	Loss: 0.000056
Train Epoch: 9 [380/2268 (2%)]	Loss: 0.000154
Train Epoch: 9 [400/2268 (2%)]	Loss: 0.000144
Train Epoch: 9 [420/2268 (2%)]	Loss: 0.000268
Train Epoch: 9 [440/2268 (2%)]	Loss: 0.000154
Train Epoch: 9 [460/2268 (2%)]	Loss: 0.000185
Train Epoch: 9 [480/2268 (2%)]	Loss: 0.000111
Train Epoch: 9 [500/2268 (2%)]	Loss: 0.000304
Train Epoch: 9 [520/2268 (2%)]	Loss: 0.000209
Train Epoch: 9 [540/2268 (2%)]	Loss: 0.000136
Train Epoch: 9 [560/2268 (2%)]	Loss: 0.000123
Train Epoch: 9 [580/2268 (3%)]	Loss: 0.000130
Train Epoch: 9 [600/2268 (3%)]	Loss: 0.000110
Train Epoch: 9 [620/2268 (3%)]	Loss: 0.000215
Train Epoch: 9 [640/2268 (3%)]	Loss: 0.000154
Train Epoch: 9 [660/2268 (3%)]	Loss: 0.000152
Train Epoch: 9 [680/2268 (3%)]	Loss: 0.000123
Train Epoch: 9 [700/2268 (3%)]	Loss: 0.000154
Train Epoch: 9 [720/2268 (3%)]	Loss: 0.000121
Train Epoch: 9 [740/2268 (3%)]	Loss: 0.000136
Train Epoch: 9 [760/2268 (3%)]	Loss: 0.000111
Train Epoch: 9 [780/2268 (3%)]	Loss: 0.000148
Train Epoch: 9 [800/2268 (4%)]	Loss: 0.000148
Train Epoch: 9 [820/2268 (4%)]	Loss: 0.000117
Train Epoch: 9 [840/2268 (4%)]	Loss: 0.000300
Train Epoch: 9 [860/2268 (4%)]	Loss: 0.000219
Train Epoch: 9 [880/2268 (4%)]	Loss: 0.000134
Train Epoch: 9 [900/2268 (4%)]	Loss: 0.000154
Train Epoch: 9 [920/2268 (4%)]	Loss: 0.000144
Train Epoch: 9 [940/2268 (4%)]	Loss: 0.000096
Train Epoch: 9 [960/2268 (4%)]	Loss: 0.000140
Train Epoch: 9 [980/2268 (4%)]	Loss: 0.000149
Train Epoch: 9 [1000/2268 (4%)]	Loss: 0.000113
Train Epoch: 9 [1020/2268 (4%)]	Loss: 0.000185
Train Epoch: 9 [1040/2268 (5%)]	Loss: 0.000128
Train Epoch: 9 [1060/2268 (5%)]	Loss: 0.000183
Train Epoch: 9 [1080/2268 (5%)]	Loss: 0.000134
Train Epoch: 9 [1100/2268 (5%)]	Loss: 0.000071
Train Epoch: 9 [1120/2268 (5%)]	Loss: 0.000145
Train Epoch: 9 [1140/2268 (5%)]	Loss: 0.000081
Train Epoch: 9 [1160/2268 (5%)]	Loss: 0.000167
Train Epoch: 9 [1180/2268 (5%)]	Loss: 0.000111
Train Epoch: 9 [1200/2268 (5%)]	Loss: 0.000087
Train Epoch: 9 [1220/2268 (5%)]	Loss: 0.000204
Train Epoch: 9 [1240/2268 (5%)]	Loss: 0.000106
Train Epoch: 9 [1260/2268 (6%)]	Loss: 0.000130
Train Epoch: 9 [1280/2268 (6%)]	Loss: 0.000121
Train Epoch: 9 [1300/2268 (6%)]	Loss: 0.000196
Train Epoch: 9 [1320/2268 (6%)]	Loss: 0.000083
Train Epoch: 9 [1340/2268 (6%)]	Loss: 0.000150
Train Epoch: 9 [1360/2268 (6%)]	Loss: 0.000092
Train Epoch: 9 [1380/2268 (6%)]	Loss: 0.000083
Train Epoch: 9 [1400/2268 (6%)]	Loss: 0.000130
Train Epoch: 9 [1420/2268 (6%)]	Loss: 0.000120
Train Epoch: 9 [1440/2268 (6%)]	Loss: 0.000184
Train Epoch: 9 [1460/2268 (6%)]	Loss: 0.000160
Train Epoch: 9 [1480/2268 (7%)]	Loss: 0.000172
Train Epoch: 9 [1500/2268 (7%)]	Loss: 0.000131
Train Epoch: 9 [1520/2268 (7%)]	Loss: 0.000091
Train Epoch: 9 [1540/2268 (7%)]	Loss: 0.000121
Train Epoch: 9 [1560/2268 (7%)]	Loss: 0.000094
Train Epoch: 9 [1580/2268 (7%)]	Loss: 0.000106
Train Epoch: 9 [1600/2268 (7%)]	Loss: 0.000191
Train Epoch: 9 [1620/2268 (7%)]	Loss: 0.000141
Train Epoch: 9 [1640/2268 (7%)]	Loss: 0.000106
Train Epoch: 9 [1660/2268 (7%)]	Loss: 0.000083
Train Epoch: 9 [1680/2268 (7%)]	Loss: 0.000245
Train Epoch: 9 [1700/2268 (7%)]	Loss: 0.000165
Train Epoch: 9 [1720/2268 (8%)]	Loss: 0.000402
Train Epoch: 9 [1740/2268 (8%)]	Loss: 0.000158
Train Epoch: 9 [1760/2268 (8%)]	Loss: 0.000096
Train Epoch: 9 [1780/2268 (8%)]	Loss: 0.000175
Train Epoch: 9 [1800/2268 (8%)]	Loss: 0.000106
Train Epoch: 9 [1820/2268 (8%)]	Loss: 0.000090
Train Epoch: 9 [1840/2268 (8%)]	Loss: 0.000313
Train Epoch: 9 [1860/2268 (8%)]	Loss: 0.000143
Train Epoch: 9 [1880/2268 (8%)]	Loss: 0.000137
Train Epoch: 9 [1900/2268 (8%)]	Loss: 0.000181
Train Epoch: 9 [1920/2268 (8%)]	Loss: 0.000149
Train Epoch: 9 [1940/2268 (9%)]	Loss: 0.000093
Train Epoch: 9 [1960/2268 (9%)]	Loss: 0.000136
Train Epoch: 9 [1980/2268 (9%)]	Loss: 0.000136
Train Epoch: 9 [2000/2268 (9%)]	Loss: 0.000088
Train Epoch: 9 [2020/2268 (9%)]	Loss: 0.000147
Train Epoch: 9 [2040/2268 (9%)]	Loss: 0.000156
Train Epoch: 9 [2060/2268 (9%)]	Loss: 0.000149
Train Epoch: 9 [2080/2268 (9%)]	Loss: 0.000115
Train Epoch: 9 [2100/2268 (9%)]	Loss: 0.000172
Train Epoch: 9 [2120/2268 (9%)]	Loss: 0.000143
Train Epoch: 9 [2140/2268 (9%)]	Loss: 0.000128
Train Epoch: 9 [2160/2268 (10%)]	Loss: 0.000163
Train Epoch: 9 [2180/2268 (10%)]	Loss: 0.000069
Train Epoch: 9 [2200/2268 (10%)]	Loss: 0.000187
Train Epoch: 9 [2220/2268 (10%)]	Loss: 0.000093
Train Epoch: 9 [2240/2268 (10%)]	Loss: 0.000125
Train Epoch: 9 [2260/2268 (10%)]	Loss: 0.000081

Average Train Epoch Loss:  0.00015674489180702065
Started validation
Val Epoch: 9 [0/1260 (0%)]	Average Loss So Far: 0.000150
Val Epoch: 9 [40/1260 (0%)]	Average Loss So Far: 0.000144
Val Epoch: 9 [80/1260 (0%)]	Average Loss So Far: 0.000136
Val Epoch: 9 [120/1260 (0%)]	Average Loss So Far: 0.000137
Val Epoch: 9 [160/1260 (1%)]	Average Loss So Far: 0.000139
Val Epoch: 9 [200/1260 (1%)]	Average Loss So Far: 0.000138
Val Epoch: 9 [240/1260 (1%)]	Average Loss So Far: 0.000137
Val Epoch: 9 [280/1260 (1%)]	Average Loss So Far: 0.000138
Val Epoch: 9 [320/1260 (1%)]	Average Loss So Far: 0.000137
Val Epoch: 9 [360/1260 (1%)]	Average Loss So Far: 0.000136
Val Epoch: 9 [400/1260 (2%)]	Average Loss So Far: 0.000136
Val Epoch: 9 [440/1260 (2%)]	Average Loss So Far: 0.000134
Val Epoch: 9 [480/1260 (2%)]	Average Loss So Far: 0.000135
Val Epoch: 9 [520/1260 (2%)]	Average Loss So Far: 0.000135
Val Epoch: 9 [560/1260 (2%)]	Average Loss So Far: 0.000136
Val Epoch: 9 [600/1260 (2%)]	Average Loss So Far: 0.000137
Val Epoch: 9 [640/1260 (3%)]	Average Loss So Far: 0.000136
Val Epoch: 9 [680/1260 (3%)]	Average Loss So Far: 0.000136
Val Epoch: 9 [720/1260 (3%)]	Average Loss So Far: 0.000136
Val Epoch: 9 [760/1260 (3%)]	Average Loss So Far: 0.000136
Val Epoch: 9 [800/1260 (3%)]	Average Loss So Far: 0.000135
Val Epoch: 9 [840/1260 (3%)]	Average Loss So Far: 0.000135
Val Epoch: 9 [880/1260 (3%)]	Average Loss So Far: 0.000135
Val Epoch: 9 [920/1260 (4%)]	Average Loss So Far: 0.000135
Val Epoch: 9 [960/1260 (4%)]	Average Loss So Far: 0.000135
Val Epoch: 9 [1000/1260 (4%)]	Average Loss So Far: 0.000135
Val Epoch: 9 [1040/1260 (4%)]	Average Loss So Far: 0.000134
Val Epoch: 9 [1080/1260 (4%)]	Average Loss So Far: 0.000134
Val Epoch: 9 [1120/1260 (4%)]	Average Loss So Far: 0.000135
Val Epoch: 9 [1160/1260 (5%)]	Average Loss So Far: 0.000134
Val Epoch: 9 [1200/1260 (5%)]	Average Loss So Far: 0.000134
Val Epoch: 9 [1240/1260 (5%)]	Average Loss So Far: 0.000134
Average Validation Epoch Loss:  0.00013407374957698494
Average Threat Score:  0.25636067416459796
== Saving model at epoch 9 with Avg Val Loss 0.00013407374957698494 ==
== Current Threat Score is 0.2564806534953061 ==
